<?xml version="1.0" encoding="UTF-8"?>
<testsuite xmlns:xsi="http://www.w3.org/2001/XMLSchema-instance" xsi:noNamespaceSchemaLocation="https://maven.apache.org/surefire/maven-surefire-plugin/xsd/surefire-test-report.xsd" version="3.0.2" name="com.example.postech_tc4_pedido.usecases.BuscarEstoqueUseCaseTest" time="0.057" tests="3" errors="0" skipped="0" failures="0">
  <properties>
    <property name="java.specification.version" value="23"/>
    <property name="sun.jnu.encoding" value="UTF-8"/>
    <property name="java.class.path" value="/Users/anasilva/Documents/Java projects/postech-tc4-pedido/target/test-classes:/Users/anasilva/Documents/Java projects/postech-tc4-pedido/target/classes:/Users/anasilva/.m2/repository/org/springframework/boot/spring-boot-starter-data-mongodb/3.4.5/spring-boot-starter-data-mongodb-3.4.5.jar:/Users/anasilva/.m2/repository/org/springframework/boot/spring-boot-starter/3.4.5/spring-boot-starter-3.4.5.jar:/Users/anasilva/.m2/repository/org/springframework/boot/spring-boot/3.4.5/spring-boot-3.4.5.jar:/Users/anasilva/.m2/repository/org/springframework/boot/spring-boot-autoconfigure/3.4.5/spring-boot-autoconfigure-3.4.5.jar:/Users/anasilva/.m2/repository/org/springframework/boot/spring-boot-starter-logging/3.4.5/spring-boot-starter-logging-3.4.5.jar:/Users/anasilva/.m2/repository/org/apache/logging/log4j/log4j-to-slf4j/2.24.3/log4j-to-slf4j-2.24.3.jar:/Users/anasilva/.m2/repository/org/apache/logging/log4j/log4j-api/2.24.3/log4j-api-2.24.3.jar:/Users/anasilva/.m2/repository/org/slf4j/jul-to-slf4j/2.0.17/jul-to-slf4j-2.0.17.jar:/Users/anasilva/.m2/repository/jakarta/annotation/jakarta.annotation-api/2.1.1/jakarta.annotation-api-2.1.1.jar:/Users/anasilva/.m2/repository/org/yaml/snakeyaml/2.3/snakeyaml-2.3.jar:/Users/anasilva/.m2/repository/org/mongodb/mongodb-driver-sync/5.2.1/mongodb-driver-sync-5.2.1.jar:/Users/anasilva/.m2/repository/org/mongodb/bson/5.2.1/bson-5.2.1.jar:/Users/anasilva/.m2/repository/org/mongodb/mongodb-driver-core/5.2.1/mongodb-driver-core-5.2.1.jar:/Users/anasilva/.m2/repository/org/mongodb/bson-record-codec/5.2.1/bson-record-codec-5.2.1.jar:/Users/anasilva/.m2/repository/org/springframework/data/spring-data-mongodb/4.4.5/spring-data-mongodb-4.4.5.jar:/Users/anasilva/.m2/repository/org/springframework/spring-beans/6.2.6/spring-beans-6.2.6.jar:/Users/anasilva/.m2/repository/org/springframework/spring-expression/6.2.6/spring-expression-6.2.6.jar:/Users/anasilva/.m2/repository/org/springframework/data/spring-data-commons/3.4.5/spring-data-commons-3.4.5.jar:/Users/anasilva/.m2/repository/org/slf4j/slf4j-api/2.0.17/slf4j-api-2.0.17.jar:/Users/anasilva/.m2/repository/org/springframework/boot/spring-boot-starter-web/3.4.5/spring-boot-starter-web-3.4.5.jar:/Users/anasilva/.m2/repository/org/springframework/boot/spring-boot-starter-json/3.4.5/spring-boot-starter-json-3.4.5.jar:/Users/anasilva/.m2/repository/com/fasterxml/jackson/core/jackson-databind/2.18.3/jackson-databind-2.18.3.jar:/Users/anasilva/.m2/repository/com/fasterxml/jackson/core/jackson-annotations/2.18.3/jackson-annotations-2.18.3.jar:/Users/anasilva/.m2/repository/com/fasterxml/jackson/core/jackson-core/2.18.3/jackson-core-2.18.3.jar:/Users/anasilva/.m2/repository/com/fasterxml/jackson/datatype/jackson-datatype-jdk8/2.18.3/jackson-datatype-jdk8-2.18.3.jar:/Users/anasilva/.m2/repository/com/fasterxml/jackson/datatype/jackson-datatype-jsr310/2.18.3/jackson-datatype-jsr310-2.18.3.jar:/Users/anasilva/.m2/repository/com/fasterxml/jackson/module/jackson-module-parameter-names/2.18.3/jackson-module-parameter-names-2.18.3.jar:/Users/anasilva/.m2/repository/org/springframework/boot/spring-boot-starter-tomcat/3.4.5/spring-boot-starter-tomcat-3.4.5.jar:/Users/anasilva/.m2/repository/org/apache/tomcat/embed/tomcat-embed-core/10.1.40/tomcat-embed-core-10.1.40.jar:/Users/anasilva/.m2/repository/org/apache/tomcat/embed/tomcat-embed-el/10.1.40/tomcat-embed-el-10.1.40.jar:/Users/anasilva/.m2/repository/org/apache/tomcat/embed/tomcat-embed-websocket/10.1.40/tomcat-embed-websocket-10.1.40.jar:/Users/anasilva/.m2/repository/org/springframework/spring-web/6.2.6/spring-web-6.2.6.jar:/Users/anasilva/.m2/repository/org/springframework/spring-webmvc/6.2.6/spring-webmvc-6.2.6.jar:/Users/anasilva/.m2/repository/org/springframework/spring-aop/6.2.6/spring-aop-6.2.6.jar:/Users/anasilva/.m2/repository/org/springframework/cloud/spring-cloud-function-web/4.2.2/spring-cloud-function-web-4.2.2.jar:/Users/anasilva/.m2/repository/org/springframework/cloud/spring-cloud-function-context/4.2.2/spring-cloud-function-context-4.2.2.jar:/Users/anasilva/.m2/repository/org/springframework/cloud/spring-cloud-function-core/4.2.2/spring-cloud-function-core-4.2.2.jar:/Users/anasilva/.m2/repository/io/projectreactor/reactor-core/3.7.5/reactor-core-3.7.5.jar:/Users/anasilva/.m2/repository/org/reactivestreams/reactive-streams/1.0.4/reactive-streams-1.0.4.jar:/Users/anasilva/.m2/repository/com/fasterxml/jackson/datatype/jackson-datatype-joda/2.18.3/jackson-datatype-joda-2.18.3.jar:/Users/anasilva/.m2/repository/joda-time/joda-time/2.12.7/joda-time-2.12.7.jar:/Users/anasilva/.m2/repository/org/springframework/cloud/spring-cloud-starter-openfeign/4.2.1/spring-cloud-starter-openfeign-4.2.1.jar:/Users/anasilva/.m2/repository/org/springframework/cloud/spring-cloud-starter/4.2.1/spring-cloud-starter-4.2.1.jar:/Users/anasilva/.m2/repository/org/springframework/cloud/spring-cloud-context/4.2.1/spring-cloud-context-4.2.1.jar:/Users/anasilva/.m2/repository/org/bouncycastle/bcprov-jdk18on/1.78.1/bcprov-jdk18on-1.78.1.jar:/Users/anasilva/.m2/repository/org/springframework/cloud/spring-cloud-openfeign-core/4.2.1/spring-cloud-openfeign-core-4.2.1.jar:/Users/anasilva/.m2/repository/io/github/openfeign/feign-form-spring/13.5/feign-form-spring-13.5.jar:/Users/anasilva/.m2/repository/io/github/openfeign/feign-form/13.5/feign-form-13.5.jar:/Users/anasilva/.m2/repository/commons-fileupload/commons-fileupload/1.5/commons-fileupload-1.5.jar:/Users/anasilva/.m2/repository/org/springframework/cloud/spring-cloud-commons/4.2.1/spring-cloud-commons-4.2.1.jar:/Users/anasilva/.m2/repository/org/springframework/security/spring-security-crypto/6.4.5/spring-security-crypto-6.4.5.jar:/Users/anasilva/.m2/repository/io/github/openfeign/feign-core/13.5/feign-core-13.5.jar:/Users/anasilva/.m2/repository/io/github/openfeign/feign-slf4j/13.5/feign-slf4j-13.5.jar:/Users/anasilva/.m2/repository/org/springframework/kafka/spring-kafka/3.3.5/spring-kafka-3.3.5.jar:/Users/anasilva/.m2/repository/org/springframework/spring-context/6.2.6/spring-context-6.2.6.jar:/Users/anasilva/.m2/repository/org/springframework/spring-messaging/6.2.6/spring-messaging-6.2.6.jar:/Users/anasilva/.m2/repository/org/springframework/spring-tx/6.2.6/spring-tx-6.2.6.jar:/Users/anasilva/.m2/repository/org/springframework/retry/spring-retry/2.0.11/spring-retry-2.0.11.jar:/Users/anasilva/.m2/repository/org/apache/kafka/kafka-clients/3.8.1/kafka-clients-3.8.1.jar:/Users/anasilva/.m2/repository/com/github/luben/zstd-jni/1.5.6-4/zstd-jni-1.5.6-4.jar:/Users/anasilva/.m2/repository/org/lz4/lz4-java/1.8.0/lz4-java-1.8.0.jar:/Users/anasilva/.m2/repository/org/xerial/snappy/snappy-java/1.1.10.5/snappy-java-1.1.10.5.jar:/Users/anasilva/.m2/repository/io/micrometer/micrometer-observation/1.14.6/micrometer-observation-1.14.6.jar:/Users/anasilva/.m2/repository/io/micrometer/micrometer-commons/1.14.6/micrometer-commons-1.14.6.jar:/Users/anasilva/.m2/repository/org/springframework/boot/spring-boot-starter-test/3.4.5/spring-boot-starter-test-3.4.5.jar:/Users/anasilva/.m2/repository/org/springframework/boot/spring-boot-test/3.4.5/spring-boot-test-3.4.5.jar:/Users/anasilva/.m2/repository/org/springframework/boot/spring-boot-test-autoconfigure/3.4.5/spring-boot-test-autoconfigure-3.4.5.jar:/Users/anasilva/.m2/repository/com/jayway/jsonpath/json-path/2.9.0/json-path-2.9.0.jar:/Users/anasilva/.m2/repository/jakarta/xml/bind/jakarta.xml.bind-api/4.0.2/jakarta.xml.bind-api-4.0.2.jar:/Users/anasilva/.m2/repository/jakarta/activation/jakarta.activation-api/2.1.3/jakarta.activation-api-2.1.3.jar:/Users/anasilva/.m2/repository/net/minidev/json-smart/2.5.2/json-smart-2.5.2.jar:/Users/anasilva/.m2/repository/net/minidev/accessors-smart/2.5.2/accessors-smart-2.5.2.jar:/Users/anasilva/.m2/repository/org/ow2/asm/asm/9.7.1/asm-9.7.1.jar:/Users/anasilva/.m2/repository/org/assertj/assertj-core/3.26.3/assertj-core-3.26.3.jar:/Users/anasilva/.m2/repository/net/bytebuddy/byte-buddy/1.15.11/byte-buddy-1.15.11.jar:/Users/anasilva/.m2/repository/org/awaitility/awaitility/4.2.2/awaitility-4.2.2.jar:/Users/anasilva/.m2/repository/org/hamcrest/hamcrest/2.2/hamcrest-2.2.jar:/Users/anasilva/.m2/repository/org/junit/jupiter/junit-jupiter/5.11.4/junit-jupiter-5.11.4.jar:/Users/anasilva/.m2/repository/org/junit/jupiter/junit-jupiter-params/5.11.4/junit-jupiter-params-5.11.4.jar:/Users/anasilva/.m2/repository/org/junit/jupiter/junit-jupiter-engine/5.11.4/junit-jupiter-engine-5.11.4.jar:/Users/anasilva/.m2/repository/org/mockito/mockito-core/5.14.2/mockito-core-5.14.2.jar:/Users/anasilva/.m2/repository/net/bytebuddy/byte-buddy-agent/1.15.11/byte-buddy-agent-1.15.11.jar:/Users/anasilva/.m2/repository/org/objenesis/objenesis/3.3/objenesis-3.3.jar:/Users/anasilva/.m2/repository/org/mockito/mockito-junit-jupiter/5.14.2/mockito-junit-jupiter-5.14.2.jar:/Users/anasilva/.m2/repository/org/skyscreamer/jsonassert/1.5.3/jsonassert-1.5.3.jar:/Users/anasilva/.m2/repository/com/vaadin/external/google/android-json/0.0.20131108.vaadin1/android-json-0.0.20131108.vaadin1.jar:/Users/anasilva/.m2/repository/org/springframework/spring-core/6.2.6/spring-core-6.2.6.jar:/Users/anasilva/.m2/repository/org/springframework/spring-jcl/6.2.6/spring-jcl-6.2.6.jar:/Users/anasilva/.m2/repository/org/springframework/spring-test/6.2.6/spring-test-6.2.6.jar:/Users/anasilva/.m2/repository/org/xmlunit/xmlunit-core/2.10.0/xmlunit-core-2.10.0.jar:/Users/anasilva/.m2/repository/org/springframework/kafka/spring-kafka-test/3.3.5/spring-kafka-test-3.3.5.jar:/Users/anasilva/.m2/repository/org/apache/zookeeper/zookeeper/3.8.4/zookeeper-3.8.4.jar:/Users/anasilva/.m2/repository/org/apache/zookeeper/zookeeper-jute/3.8.4/zookeeper-jute-3.8.4.jar:/Users/anasilva/.m2/repository/org/apache/yetus/audience-annotations/0.12.0/audience-annotations-0.12.0.jar:/Users/anasilva/.m2/repository/io/netty/netty-handler/4.1.119.Final/netty-handler-4.1.119.Final.jar:/Users/anasilva/.m2/repository/io/netty/netty-common/4.1.119.Final/netty-common-4.1.119.Final.jar:/Users/anasilva/.m2/repository/io/netty/netty-resolver/4.1.119.Final/netty-resolver-4.1.119.Final.jar:/Users/anasilva/.m2/repository/io/netty/netty-buffer/4.1.119.Final/netty-buffer-4.1.119.Final.jar:/Users/anasilva/.m2/repository/io/netty/netty-transport/4.1.119.Final/netty-transport-4.1.119.Final.jar:/Users/anasilva/.m2/repository/io/netty/netty-transport-native-unix-common/4.1.119.Final/netty-transport-native-unix-common-4.1.119.Final.jar:/Users/anasilva/.m2/repository/io/netty/netty-codec/4.1.119.Final/netty-codec-4.1.119.Final.jar:/Users/anasilva/.m2/repository/io/netty/netty-transport-native-epoll/4.1.119.Final/netty-transport-native-epoll-4.1.119.Final.jar:/Users/anasilva/.m2/repository/io/netty/netty-transport-classes-epoll/4.1.119.Final/netty-transport-classes-epoll-4.1.119.Final.jar:/Users/anasilva/.m2/repository/ch/qos/logback/logback-core/1.5.18/logback-core-1.5.18.jar:/Users/anasilva/.m2/repository/ch/qos/logback/logback-classic/1.5.18/logback-classic-1.5.18.jar:/Users/anasilva/.m2/repository/commons-io/commons-io/2.11.0/commons-io-2.11.0.jar:/Users/anasilva/.m2/repository/org/apache/kafka/kafka-clients/3.8.1/kafka-clients-3.8.1-test.jar:/Users/anasilva/.m2/repository/org/apache/kafka/kafka-server/3.8.1/kafka-server-3.8.1.jar:/Users/anasilva/.m2/repository/org/apache/kafka/kafka-group-coordinator/3.8.1/kafka-group-coordinator-3.8.1.jar:/Users/anasilva/.m2/repository/org/apache/kafka/kafka-transaction-coordinator/3.8.1/kafka-transaction-coordinator-3.8.1.jar:/Users/anasilva/.m2/repository/org/apache/kafka/kafka-raft/3.8.1/kafka-raft-3.8.1.jar:/Users/anasilva/.m2/repository/com/yammer/metrics/metrics-core/2.2.0/metrics-core-2.2.0.jar:/Users/anasilva/.m2/repository/org/apache/kafka/kafka-metadata/3.8.1/kafka-metadata-3.8.1.jar:/Users/anasilva/.m2/repository/org/apache/kafka/kafka-server-common/3.8.1/kafka-server-common-3.8.1.jar:/Users/anasilva/.m2/repository/net/sf/jopt-simple/jopt-simple/5.0.4/jopt-simple-5.0.4.jar:/Users/anasilva/.m2/repository/org/pcollections/pcollections/4.0.1/pcollections-4.0.1.jar:/Users/anasilva/.m2/repository/org/apache/kafka/kafka-server-common/3.8.1/kafka-server-common-3.8.1-test.jar:/Users/anasilva/.m2/repository/org/apache/kafka/kafka-streams-test-utils/3.8.1/kafka-streams-test-utils-3.8.1.jar:/Users/anasilva/.m2/repository/org/apache/kafka/kafka-streams/3.8.1/kafka-streams-3.8.1.jar:/Users/anasilva/.m2/repository/org/rocksdb/rocksdbjni/7.9.2/rocksdbjni-7.9.2.jar:/Users/anasilva/.m2/repository/org/apache/kafka/kafka_2.13/3.8.1/kafka_2.13-3.8.1.jar:/Users/anasilva/.m2/repository/org/scala-lang/scala-library/2.13.14/scala-library-2.13.14.jar:/Users/anasilva/.m2/repository/org/apache/kafka/kafka-group-coordinator-api/3.8.1/kafka-group-coordinator-api-3.8.1.jar:/Users/anasilva/.m2/repository/org/apache/kafka/kafka-storage-api/3.8.1/kafka-storage-api-3.8.1.jar:/Users/anasilva/.m2/repository/org/apache/kafka/kafka-tools-api/3.8.1/kafka-tools-api-3.8.1.jar:/Users/anasilva/.m2/repository/org/apache/kafka/kafka-storage/3.8.1/kafka-storage-3.8.1.jar:/Users/anasilva/.m2/repository/com/github/ben-manes/caffeine/caffeine/3.1.8/caffeine-3.1.8.jar:/Users/anasilva/.m2/repository/org/checkerframework/checker-qual/3.37.0/checker-qual-3.37.0.jar:/Users/anasilva/.m2/repository/com/google/errorprone/error_prone_annotations/2.21.1/error_prone_annotations-2.21.1.jar:/Users/anasilva/.m2/repository/net/sourceforge/argparse4j/argparse4j/0.7.0/argparse4j-0.7.0.jar:/Users/anasilva/.m2/repository/commons-validator/commons-validator/1.7/commons-validator-1.7.jar:/Users/anasilva/.m2/repository/commons-beanutils/commons-beanutils/1.9.4/commons-beanutils-1.9.4.jar:/Users/anasilva/.m2/repository/commons-digester/commons-digester/2.1/commons-digester-2.1.jar:/Users/anasilva/.m2/repository/commons-collections/commons-collections/3.2.2/commons-collections-3.2.2.jar:/Users/anasilva/.m2/repository/com/fasterxml/jackson/module/jackson-module-scala_2.13/2.18.3/jackson-module-scala_2.13-2.18.3.jar:/Users/anasilva/.m2/repository/com/thoughtworks/paranamer/paranamer/2.8/paranamer-2.8.jar:/Users/anasilva/.m2/repository/com/fasterxml/jackson/dataformat/jackson-dataformat-csv/2.18.3/jackson-dataformat-csv-2.18.3.jar:/Users/anasilva/.m2/repository/org/bitbucket/b_c/jose4j/0.9.4/jose4j-0.9.4.jar:/Users/anasilva/.m2/repository/org/scala-lang/modules/scala-collection-compat_2.13/2.10.0/scala-collection-compat_2.13-2.10.0.jar:/Users/anasilva/.m2/repository/org/scala-lang/modules/scala-java8-compat_2.13/1.0.2/scala-java8-compat_2.13-1.0.2.jar:/Users/anasilva/.m2/repository/org/scala-lang/scala-reflect/2.13.14/scala-reflect-2.13.14.jar:/Users/anasilva/.m2/repository/com/typesafe/scala-logging/scala-logging_2.13/3.9.4/scala-logging_2.13-3.9.4.jar:/Users/anasilva/.m2/repository/io/dropwizard/metrics/metrics-core/4.1.12.1/metrics-core-4.1.12.1.jar:/Users/anasilva/.m2/repository/commons-cli/commons-cli/1.4/commons-cli-1.4.jar:/Users/anasilva/.m2/repository/org/apache/kafka/kafka_2.13/3.8.1/kafka_2.13-3.8.1-test.jar:/Users/anasilva/.m2/repository/org/junit/jupiter/junit-jupiter-api/5.11.4/junit-jupiter-api-5.11.4.jar:/Users/anasilva/.m2/repository/org/opentest4j/opentest4j/1.3.0/opentest4j-1.3.0.jar:/Users/anasilva/.m2/repository/org/junit/platform/junit-platform-commons/1.11.4/junit-platform-commons-1.11.4.jar:/Users/anasilva/.m2/repository/org/apiguardian/apiguardian-api/1.1.2/apiguardian-api-1.1.2.jar:/Users/anasilva/.m2/repository/org/junit/platform/junit-platform-launcher/1.11.4/junit-platform-launcher-1.11.4.jar:/Users/anasilva/.m2/repository/org/junit/platform/junit-platform-engine/1.11.4/junit-platform-engine-1.11.4.jar:"/>
    <property name="java.vm.vendor" value="Homebrew"/>
    <property name="sun.arch.data.model" value="64"/>
    <property name="java.vendor.url" value="https://github.com/Homebrew/homebrew-core/issues"/>
    <property name="user.timezone" value="America/Sao_Paulo"/>
    <property name="os.name" value="Mac OS X"/>
    <property name="java.vm.specification.version" value="23"/>
    <property name="APPLICATION_NAME" value="postech-tc4-pedido"/>
    <property name="sun.java.launcher" value="SUN_STANDARD"/>
    <property name="user.country" value="BR"/>
    <property name="sun.boot.library.path" value="/opt/homebrew/Cellar/openjdk/23.0.2/libexec/openjdk.jdk/Contents/Home/lib"/>
    <property name="sun.java.command" value="/Users/anasilva/Documents/Java projects/postech-tc4-pedido/target/surefire/surefirebooter-20250518190209345_3.jar /Users/anasilva/Documents/Java projects/postech-tc4-pedido/target/surefire 2025-05-18T19-02-09_314-jvmRun1 surefire-20250518190209345_1tmp surefire_0-20250518190209345_2tmp"/>
    <property name="http.nonProxyHosts" value="local|*.local|169.254/16|*.169.254/16"/>
    <property name="jdk.debug" value="release"/>
    <property name="surefire.test.class.path" value="/Users/anasilva/Documents/Java projects/postech-tc4-pedido/target/test-classes:/Users/anasilva/Documents/Java projects/postech-tc4-pedido/target/classes:/Users/anasilva/.m2/repository/org/springframework/boot/spring-boot-starter-data-mongodb/3.4.5/spring-boot-starter-data-mongodb-3.4.5.jar:/Users/anasilva/.m2/repository/org/springframework/boot/spring-boot-starter/3.4.5/spring-boot-starter-3.4.5.jar:/Users/anasilva/.m2/repository/org/springframework/boot/spring-boot/3.4.5/spring-boot-3.4.5.jar:/Users/anasilva/.m2/repository/org/springframework/boot/spring-boot-autoconfigure/3.4.5/spring-boot-autoconfigure-3.4.5.jar:/Users/anasilva/.m2/repository/org/springframework/boot/spring-boot-starter-logging/3.4.5/spring-boot-starter-logging-3.4.5.jar:/Users/anasilva/.m2/repository/org/apache/logging/log4j/log4j-to-slf4j/2.24.3/log4j-to-slf4j-2.24.3.jar:/Users/anasilva/.m2/repository/org/apache/logging/log4j/log4j-api/2.24.3/log4j-api-2.24.3.jar:/Users/anasilva/.m2/repository/org/slf4j/jul-to-slf4j/2.0.17/jul-to-slf4j-2.0.17.jar:/Users/anasilva/.m2/repository/jakarta/annotation/jakarta.annotation-api/2.1.1/jakarta.annotation-api-2.1.1.jar:/Users/anasilva/.m2/repository/org/yaml/snakeyaml/2.3/snakeyaml-2.3.jar:/Users/anasilva/.m2/repository/org/mongodb/mongodb-driver-sync/5.2.1/mongodb-driver-sync-5.2.1.jar:/Users/anasilva/.m2/repository/org/mongodb/bson/5.2.1/bson-5.2.1.jar:/Users/anasilva/.m2/repository/org/mongodb/mongodb-driver-core/5.2.1/mongodb-driver-core-5.2.1.jar:/Users/anasilva/.m2/repository/org/mongodb/bson-record-codec/5.2.1/bson-record-codec-5.2.1.jar:/Users/anasilva/.m2/repository/org/springframework/data/spring-data-mongodb/4.4.5/spring-data-mongodb-4.4.5.jar:/Users/anasilva/.m2/repository/org/springframework/spring-beans/6.2.6/spring-beans-6.2.6.jar:/Users/anasilva/.m2/repository/org/springframework/spring-expression/6.2.6/spring-expression-6.2.6.jar:/Users/anasilva/.m2/repository/org/springframework/data/spring-data-commons/3.4.5/spring-data-commons-3.4.5.jar:/Users/anasilva/.m2/repository/org/slf4j/slf4j-api/2.0.17/slf4j-api-2.0.17.jar:/Users/anasilva/.m2/repository/org/springframework/boot/spring-boot-starter-web/3.4.5/spring-boot-starter-web-3.4.5.jar:/Users/anasilva/.m2/repository/org/springframework/boot/spring-boot-starter-json/3.4.5/spring-boot-starter-json-3.4.5.jar:/Users/anasilva/.m2/repository/com/fasterxml/jackson/core/jackson-databind/2.18.3/jackson-databind-2.18.3.jar:/Users/anasilva/.m2/repository/com/fasterxml/jackson/core/jackson-annotations/2.18.3/jackson-annotations-2.18.3.jar:/Users/anasilva/.m2/repository/com/fasterxml/jackson/core/jackson-core/2.18.3/jackson-core-2.18.3.jar:/Users/anasilva/.m2/repository/com/fasterxml/jackson/datatype/jackson-datatype-jdk8/2.18.3/jackson-datatype-jdk8-2.18.3.jar:/Users/anasilva/.m2/repository/com/fasterxml/jackson/datatype/jackson-datatype-jsr310/2.18.3/jackson-datatype-jsr310-2.18.3.jar:/Users/anasilva/.m2/repository/com/fasterxml/jackson/module/jackson-module-parameter-names/2.18.3/jackson-module-parameter-names-2.18.3.jar:/Users/anasilva/.m2/repository/org/springframework/boot/spring-boot-starter-tomcat/3.4.5/spring-boot-starter-tomcat-3.4.5.jar:/Users/anasilva/.m2/repository/org/apache/tomcat/embed/tomcat-embed-core/10.1.40/tomcat-embed-core-10.1.40.jar:/Users/anasilva/.m2/repository/org/apache/tomcat/embed/tomcat-embed-el/10.1.40/tomcat-embed-el-10.1.40.jar:/Users/anasilva/.m2/repository/org/apache/tomcat/embed/tomcat-embed-websocket/10.1.40/tomcat-embed-websocket-10.1.40.jar:/Users/anasilva/.m2/repository/org/springframework/spring-web/6.2.6/spring-web-6.2.6.jar:/Users/anasilva/.m2/repository/org/springframework/spring-webmvc/6.2.6/spring-webmvc-6.2.6.jar:/Users/anasilva/.m2/repository/org/springframework/spring-aop/6.2.6/spring-aop-6.2.6.jar:/Users/anasilva/.m2/repository/org/springframework/cloud/spring-cloud-function-web/4.2.2/spring-cloud-function-web-4.2.2.jar:/Users/anasilva/.m2/repository/org/springframework/cloud/spring-cloud-function-context/4.2.2/spring-cloud-function-context-4.2.2.jar:/Users/anasilva/.m2/repository/org/springframework/cloud/spring-cloud-function-core/4.2.2/spring-cloud-function-core-4.2.2.jar:/Users/anasilva/.m2/repository/io/projectreactor/reactor-core/3.7.5/reactor-core-3.7.5.jar:/Users/anasilva/.m2/repository/org/reactivestreams/reactive-streams/1.0.4/reactive-streams-1.0.4.jar:/Users/anasilva/.m2/repository/com/fasterxml/jackson/datatype/jackson-datatype-joda/2.18.3/jackson-datatype-joda-2.18.3.jar:/Users/anasilva/.m2/repository/joda-time/joda-time/2.12.7/joda-time-2.12.7.jar:/Users/anasilva/.m2/repository/org/springframework/cloud/spring-cloud-starter-openfeign/4.2.1/spring-cloud-starter-openfeign-4.2.1.jar:/Users/anasilva/.m2/repository/org/springframework/cloud/spring-cloud-starter/4.2.1/spring-cloud-starter-4.2.1.jar:/Users/anasilva/.m2/repository/org/springframework/cloud/spring-cloud-context/4.2.1/spring-cloud-context-4.2.1.jar:/Users/anasilva/.m2/repository/org/bouncycastle/bcprov-jdk18on/1.78.1/bcprov-jdk18on-1.78.1.jar:/Users/anasilva/.m2/repository/org/springframework/cloud/spring-cloud-openfeign-core/4.2.1/spring-cloud-openfeign-core-4.2.1.jar:/Users/anasilva/.m2/repository/io/github/openfeign/feign-form-spring/13.5/feign-form-spring-13.5.jar:/Users/anasilva/.m2/repository/io/github/openfeign/feign-form/13.5/feign-form-13.5.jar:/Users/anasilva/.m2/repository/commons-fileupload/commons-fileupload/1.5/commons-fileupload-1.5.jar:/Users/anasilva/.m2/repository/org/springframework/cloud/spring-cloud-commons/4.2.1/spring-cloud-commons-4.2.1.jar:/Users/anasilva/.m2/repository/org/springframework/security/spring-security-crypto/6.4.5/spring-security-crypto-6.4.5.jar:/Users/anasilva/.m2/repository/io/github/openfeign/feign-core/13.5/feign-core-13.5.jar:/Users/anasilva/.m2/repository/io/github/openfeign/feign-slf4j/13.5/feign-slf4j-13.5.jar:/Users/anasilva/.m2/repository/org/springframework/kafka/spring-kafka/3.3.5/spring-kafka-3.3.5.jar:/Users/anasilva/.m2/repository/org/springframework/spring-context/6.2.6/spring-context-6.2.6.jar:/Users/anasilva/.m2/repository/org/springframework/spring-messaging/6.2.6/spring-messaging-6.2.6.jar:/Users/anasilva/.m2/repository/org/springframework/spring-tx/6.2.6/spring-tx-6.2.6.jar:/Users/anasilva/.m2/repository/org/springframework/retry/spring-retry/2.0.11/spring-retry-2.0.11.jar:/Users/anasilva/.m2/repository/org/apache/kafka/kafka-clients/3.8.1/kafka-clients-3.8.1.jar:/Users/anasilva/.m2/repository/com/github/luben/zstd-jni/1.5.6-4/zstd-jni-1.5.6-4.jar:/Users/anasilva/.m2/repository/org/lz4/lz4-java/1.8.0/lz4-java-1.8.0.jar:/Users/anasilva/.m2/repository/org/xerial/snappy/snappy-java/1.1.10.5/snappy-java-1.1.10.5.jar:/Users/anasilva/.m2/repository/io/micrometer/micrometer-observation/1.14.6/micrometer-observation-1.14.6.jar:/Users/anasilva/.m2/repository/io/micrometer/micrometer-commons/1.14.6/micrometer-commons-1.14.6.jar:/Users/anasilva/.m2/repository/org/springframework/boot/spring-boot-starter-test/3.4.5/spring-boot-starter-test-3.4.5.jar:/Users/anasilva/.m2/repository/org/springframework/boot/spring-boot-test/3.4.5/spring-boot-test-3.4.5.jar:/Users/anasilva/.m2/repository/org/springframework/boot/spring-boot-test-autoconfigure/3.4.5/spring-boot-test-autoconfigure-3.4.5.jar:/Users/anasilva/.m2/repository/com/jayway/jsonpath/json-path/2.9.0/json-path-2.9.0.jar:/Users/anasilva/.m2/repository/jakarta/xml/bind/jakarta.xml.bind-api/4.0.2/jakarta.xml.bind-api-4.0.2.jar:/Users/anasilva/.m2/repository/jakarta/activation/jakarta.activation-api/2.1.3/jakarta.activation-api-2.1.3.jar:/Users/anasilva/.m2/repository/net/minidev/json-smart/2.5.2/json-smart-2.5.2.jar:/Users/anasilva/.m2/repository/net/minidev/accessors-smart/2.5.2/accessors-smart-2.5.2.jar:/Users/anasilva/.m2/repository/org/ow2/asm/asm/9.7.1/asm-9.7.1.jar:/Users/anasilva/.m2/repository/org/assertj/assertj-core/3.26.3/assertj-core-3.26.3.jar:/Users/anasilva/.m2/repository/net/bytebuddy/byte-buddy/1.15.11/byte-buddy-1.15.11.jar:/Users/anasilva/.m2/repository/org/awaitility/awaitility/4.2.2/awaitility-4.2.2.jar:/Users/anasilva/.m2/repository/org/hamcrest/hamcrest/2.2/hamcrest-2.2.jar:/Users/anasilva/.m2/repository/org/junit/jupiter/junit-jupiter/5.11.4/junit-jupiter-5.11.4.jar:/Users/anasilva/.m2/repository/org/junit/jupiter/junit-jupiter-params/5.11.4/junit-jupiter-params-5.11.4.jar:/Users/anasilva/.m2/repository/org/junit/jupiter/junit-jupiter-engine/5.11.4/junit-jupiter-engine-5.11.4.jar:/Users/anasilva/.m2/repository/org/mockito/mockito-core/5.14.2/mockito-core-5.14.2.jar:/Users/anasilva/.m2/repository/net/bytebuddy/byte-buddy-agent/1.15.11/byte-buddy-agent-1.15.11.jar:/Users/anasilva/.m2/repository/org/objenesis/objenesis/3.3/objenesis-3.3.jar:/Users/anasilva/.m2/repository/org/mockito/mockito-junit-jupiter/5.14.2/mockito-junit-jupiter-5.14.2.jar:/Users/anasilva/.m2/repository/org/skyscreamer/jsonassert/1.5.3/jsonassert-1.5.3.jar:/Users/anasilva/.m2/repository/com/vaadin/external/google/android-json/0.0.20131108.vaadin1/android-json-0.0.20131108.vaadin1.jar:/Users/anasilva/.m2/repository/org/springframework/spring-core/6.2.6/spring-core-6.2.6.jar:/Users/anasilva/.m2/repository/org/springframework/spring-jcl/6.2.6/spring-jcl-6.2.6.jar:/Users/anasilva/.m2/repository/org/springframework/spring-test/6.2.6/spring-test-6.2.6.jar:/Users/anasilva/.m2/repository/org/xmlunit/xmlunit-core/2.10.0/xmlunit-core-2.10.0.jar:/Users/anasilva/.m2/repository/org/springframework/kafka/spring-kafka-test/3.3.5/spring-kafka-test-3.3.5.jar:/Users/anasilva/.m2/repository/org/apache/zookeeper/zookeeper/3.8.4/zookeeper-3.8.4.jar:/Users/anasilva/.m2/repository/org/apache/zookeeper/zookeeper-jute/3.8.4/zookeeper-jute-3.8.4.jar:/Users/anasilva/.m2/repository/org/apache/yetus/audience-annotations/0.12.0/audience-annotations-0.12.0.jar:/Users/anasilva/.m2/repository/io/netty/netty-handler/4.1.119.Final/netty-handler-4.1.119.Final.jar:/Users/anasilva/.m2/repository/io/netty/netty-common/4.1.119.Final/netty-common-4.1.119.Final.jar:/Users/anasilva/.m2/repository/io/netty/netty-resolver/4.1.119.Final/netty-resolver-4.1.119.Final.jar:/Users/anasilva/.m2/repository/io/netty/netty-buffer/4.1.119.Final/netty-buffer-4.1.119.Final.jar:/Users/anasilva/.m2/repository/io/netty/netty-transport/4.1.119.Final/netty-transport-4.1.119.Final.jar:/Users/anasilva/.m2/repository/io/netty/netty-transport-native-unix-common/4.1.119.Final/netty-transport-native-unix-common-4.1.119.Final.jar:/Users/anasilva/.m2/repository/io/netty/netty-codec/4.1.119.Final/netty-codec-4.1.119.Final.jar:/Users/anasilva/.m2/repository/io/netty/netty-transport-native-epoll/4.1.119.Final/netty-transport-native-epoll-4.1.119.Final.jar:/Users/anasilva/.m2/repository/io/netty/netty-transport-classes-epoll/4.1.119.Final/netty-transport-classes-epoll-4.1.119.Final.jar:/Users/anasilva/.m2/repository/ch/qos/logback/logback-core/1.5.18/logback-core-1.5.18.jar:/Users/anasilva/.m2/repository/ch/qos/logback/logback-classic/1.5.18/logback-classic-1.5.18.jar:/Users/anasilva/.m2/repository/commons-io/commons-io/2.11.0/commons-io-2.11.0.jar:/Users/anasilva/.m2/repository/org/apache/kafka/kafka-clients/3.8.1/kafka-clients-3.8.1-test.jar:/Users/anasilva/.m2/repository/org/apache/kafka/kafka-server/3.8.1/kafka-server-3.8.1.jar:/Users/anasilva/.m2/repository/org/apache/kafka/kafka-group-coordinator/3.8.1/kafka-group-coordinator-3.8.1.jar:/Users/anasilva/.m2/repository/org/apache/kafka/kafka-transaction-coordinator/3.8.1/kafka-transaction-coordinator-3.8.1.jar:/Users/anasilva/.m2/repository/org/apache/kafka/kafka-raft/3.8.1/kafka-raft-3.8.1.jar:/Users/anasilva/.m2/repository/com/yammer/metrics/metrics-core/2.2.0/metrics-core-2.2.0.jar:/Users/anasilva/.m2/repository/org/apache/kafka/kafka-metadata/3.8.1/kafka-metadata-3.8.1.jar:/Users/anasilva/.m2/repository/org/apache/kafka/kafka-server-common/3.8.1/kafka-server-common-3.8.1.jar:/Users/anasilva/.m2/repository/net/sf/jopt-simple/jopt-simple/5.0.4/jopt-simple-5.0.4.jar:/Users/anasilva/.m2/repository/org/pcollections/pcollections/4.0.1/pcollections-4.0.1.jar:/Users/anasilva/.m2/repository/org/apache/kafka/kafka-server-common/3.8.1/kafka-server-common-3.8.1-test.jar:/Users/anasilva/.m2/repository/org/apache/kafka/kafka-streams-test-utils/3.8.1/kafka-streams-test-utils-3.8.1.jar:/Users/anasilva/.m2/repository/org/apache/kafka/kafka-streams/3.8.1/kafka-streams-3.8.1.jar:/Users/anasilva/.m2/repository/org/rocksdb/rocksdbjni/7.9.2/rocksdbjni-7.9.2.jar:/Users/anasilva/.m2/repository/org/apache/kafka/kafka_2.13/3.8.1/kafka_2.13-3.8.1.jar:/Users/anasilva/.m2/repository/org/scala-lang/scala-library/2.13.14/scala-library-2.13.14.jar:/Users/anasilva/.m2/repository/org/apache/kafka/kafka-group-coordinator-api/3.8.1/kafka-group-coordinator-api-3.8.1.jar:/Users/anasilva/.m2/repository/org/apache/kafka/kafka-storage-api/3.8.1/kafka-storage-api-3.8.1.jar:/Users/anasilva/.m2/repository/org/apache/kafka/kafka-tools-api/3.8.1/kafka-tools-api-3.8.1.jar:/Users/anasilva/.m2/repository/org/apache/kafka/kafka-storage/3.8.1/kafka-storage-3.8.1.jar:/Users/anasilva/.m2/repository/com/github/ben-manes/caffeine/caffeine/3.1.8/caffeine-3.1.8.jar:/Users/anasilva/.m2/repository/org/checkerframework/checker-qual/3.37.0/checker-qual-3.37.0.jar:/Users/anasilva/.m2/repository/com/google/errorprone/error_prone_annotations/2.21.1/error_prone_annotations-2.21.1.jar:/Users/anasilva/.m2/repository/net/sourceforge/argparse4j/argparse4j/0.7.0/argparse4j-0.7.0.jar:/Users/anasilva/.m2/repository/commons-validator/commons-validator/1.7/commons-validator-1.7.jar:/Users/anasilva/.m2/repository/commons-beanutils/commons-beanutils/1.9.4/commons-beanutils-1.9.4.jar:/Users/anasilva/.m2/repository/commons-digester/commons-digester/2.1/commons-digester-2.1.jar:/Users/anasilva/.m2/repository/commons-collections/commons-collections/3.2.2/commons-collections-3.2.2.jar:/Users/anasilva/.m2/repository/com/fasterxml/jackson/module/jackson-module-scala_2.13/2.18.3/jackson-module-scala_2.13-2.18.3.jar:/Users/anasilva/.m2/repository/com/thoughtworks/paranamer/paranamer/2.8/paranamer-2.8.jar:/Users/anasilva/.m2/repository/com/fasterxml/jackson/dataformat/jackson-dataformat-csv/2.18.3/jackson-dataformat-csv-2.18.3.jar:/Users/anasilva/.m2/repository/org/bitbucket/b_c/jose4j/0.9.4/jose4j-0.9.4.jar:/Users/anasilva/.m2/repository/org/scala-lang/modules/scala-collection-compat_2.13/2.10.0/scala-collection-compat_2.13-2.10.0.jar:/Users/anasilva/.m2/repository/org/scala-lang/modules/scala-java8-compat_2.13/1.0.2/scala-java8-compat_2.13-1.0.2.jar:/Users/anasilva/.m2/repository/org/scala-lang/scala-reflect/2.13.14/scala-reflect-2.13.14.jar:/Users/anasilva/.m2/repository/com/typesafe/scala-logging/scala-logging_2.13/3.9.4/scala-logging_2.13-3.9.4.jar:/Users/anasilva/.m2/repository/io/dropwizard/metrics/metrics-core/4.1.12.1/metrics-core-4.1.12.1.jar:/Users/anasilva/.m2/repository/commons-cli/commons-cli/1.4/commons-cli-1.4.jar:/Users/anasilva/.m2/repository/org/apache/kafka/kafka_2.13/3.8.1/kafka_2.13-3.8.1-test.jar:/Users/anasilva/.m2/repository/org/junit/jupiter/junit-jupiter-api/5.11.4/junit-jupiter-api-5.11.4.jar:/Users/anasilva/.m2/repository/org/opentest4j/opentest4j/1.3.0/opentest4j-1.3.0.jar:/Users/anasilva/.m2/repository/org/junit/platform/junit-platform-commons/1.11.4/junit-platform-commons-1.11.4.jar:/Users/anasilva/.m2/repository/org/apiguardian/apiguardian-api/1.1.2/apiguardian-api-1.1.2.jar:/Users/anasilva/.m2/repository/org/junit/platform/junit-platform-launcher/1.11.4/junit-platform-launcher-1.11.4.jar:/Users/anasilva/.m2/repository/org/junit/platform/junit-platform-engine/1.11.4/junit-platform-engine-1.11.4.jar:"/>
    <property name="sun.cpu.endian" value="little"/>
    <property name="user.home" value="/Users/anasilva"/>
    <property name="user.language" value="en"/>
    <property name="java.specification.vendor" value="Oracle Corporation"/>
    <property name="java.version.date" value="2025-01-21"/>
    <property name="java.home" value="/opt/homebrew/Cellar/openjdk/23.0.2/libexec/openjdk.jdk/Contents/Home"/>
    <property name="file.separator" value="/"/>
    <property name="basedir" value="/Users/anasilva/Documents/Java projects/postech-tc4-pedido"/>
    <property name="java.vm.compressedOopsMode" value="Zero based"/>
    <property name="line.separator" value="&#10;"/>
    <property name="java.vm.specification.vendor" value="Oracle Corporation"/>
    <property name="java.specification.name" value="Java Platform API Specification"/>
    <property name="FILE_LOG_CHARSET" value="UTF-8"/>
    <property name="java.awt.headless" value="true"/>
    <property name="apple.awt.application.name" value="ForkedBooter"/>
    <property name="surefire.real.class.path" value="/Users/anasilva/Documents/Java projects/postech-tc4-pedido/target/surefire/surefirebooter-20250518190209345_3.jar"/>
    <property name="sun.management.compiler" value="HotSpot 64-Bit Tiered Compilers"/>
    <property name="ftp.nonProxyHosts" value="local|*.local|169.254/16|*.169.254/16"/>
    <property name="java.runtime.version" value="23.0.2"/>
    <property name="user.name" value="anasilva"/>
    <property name="stdout.encoding" value="UTF-8"/>
    <property name="path.separator" value=":"/>
    <property name="os.version" value="14.6"/>
    <property name="java.runtime.name" value="OpenJDK Runtime Environment"/>
    <property name="file.encoding" value="UTF-8"/>
    <property name="java.vm.name" value="OpenJDK 64-Bit Server VM"/>
    <property name="java.vendor.version" value="Homebrew"/>
    <property name="localRepository" value="/Users/anasilva/.m2/repository"/>
    <property name="java.vendor.url.bug" value="https://github.com/Homebrew/homebrew-core/issues"/>
    <property name="java.io.tmpdir" value="/var/folders/qz/b6vh9qpn01b9s1sxtz45c1fw0000gn/T/"/>
    <property name="java.version" value="23.0.2"/>
    <property name="user.dir" value="/Users/anasilva/Documents/Java projects/postech-tc4-pedido"/>
    <property name="os.arch" value="aarch64"/>
    <property name="java.vm.specification.name" value="Java Virtual Machine Specification"/>
    <property name="PID" value="53114"/>
    <property name="CONSOLE_LOG_CHARSET" value="UTF-8"/>
    <property name="native.encoding" value="UTF-8"/>
    <property name="java.library.path" value="/Users/anasilva/Library/Java/Extensions:/Library/Java/Extensions:/Network/Library/Java/Extensions:/System/Library/Java/Extensions:/usr/lib/java:."/>
    <property name="java.vm.info" value="mixed mode, sharing"/>
    <property name="stderr.encoding" value="UTF-8"/>
    <property name="java.vendor" value="Homebrew"/>
    <property name="java.vm.version" value="23.0.2"/>
    <property name="sun.io.unicode.encoding" value="UnicodeBig"/>
    <property name="socksNonProxyHosts" value="local|*.local|169.254/16|*.169.254/16"/>
    <property name="java.class.version" value="67.0"/>
    <property name="LOGGED_APPLICATION_NAME" value="[postech-tc4-pedido] "/>
  </properties>
  <testcase name="deveRetornarFalseQuandoOcorreExcecao" classname="com.example.postech_tc4_pedido.usecases.BuscarEstoqueUseCaseTest" time="0.053">
    <system-err><![CDATA[java.lang.instrument.IllegalClassFormatException: Error while instrumenting com/example/postech_tc4_pedido/gateway/external/interfaces/IEstoqueGateway$MockitoMock$eXpJIR9W with JaCoCo 0.8.11.202310140853/f33756c.
	at org.jacoco.agent.rt.internal_4742761.CoverageTransformer.transform(CoverageTransformer.java:94)
	at java.instrument/java.lang.instrument.ClassFileTransformer.transform(ClassFileTransformer.java:242)
	at java.instrument/sun.instrument.TransformerManager.transform(TransformerManager.java:188)
	at java.instrument/sun.instrument.InstrumentationImpl.transform(InstrumentationImpl.java:610)
	at java.base/java.lang.ClassLoader.defineClass1(Native Method)
	at java.base/java.lang.ClassLoader.defineClass(ClassLoader.java:1026)
	at java.base/java.lang.ClassLoader$ByteBuddyAccessor$V1.defineClass(Unknown Source)
	at java.base/jdk.internal.reflect.DirectMethodHandleAccessor.invoke(DirectMethodHandleAccessor.java:103)
	at java.base/java.lang.reflect.Method.invoke(Method.java:580)
	at net.bytebuddy.dynamic.loading.ClassInjector$UsingReflection$Dispatcher$UsingUnsafeInjection.defineClass(ClassInjector.java:1088)
	at net.bytebuddy.dynamic.loading.ClassInjector$UsingReflection.injectRaw(ClassInjector.java:328)
	at net.bytebuddy.dynamic.loading.ClassInjector$AbstractBase.injectRaw(ClassInjector.java:166)
	at net.bytebuddy.dynamic.loading.ClassInjector$AbstractBase.inject(ClassInjector.java:154)
	at net.bytebuddy.dynamic.loading.ClassLoadingStrategy$Default$InjectionDispatcher.load(ClassLoadingStrategy.java:241)
	at net.bytebuddy.dynamic.TypeResolutionStrategy$Passive.initialize(TypeResolutionStrategy.java:101)
	at net.bytebuddy.dynamic.DynamicType$Default$Unloaded.load(DynamicType.java:6424)
	at org.mockito.internal.creation.bytebuddy.SubclassBytecodeGenerator.mockClass(SubclassBytecodeGenerator.java:297)
	at org.mockito.internal.creation.bytebuddy.TypeCachingBytecodeGenerator.lambda$mockClass$0(TypeCachingBytecodeGenerator.java:78)
	at net.bytebuddy.TypeCache.findOrInsert(TypeCache.java:168)
	at net.bytebuddy.TypeCache$WithInlineExpunction.findOrInsert(TypeCache.java:399)
	at net.bytebuddy.TypeCache.findOrInsert(TypeCache.java:190)
	at net.bytebuddy.TypeCache$WithInlineExpunction.findOrInsert(TypeCache.java:410)
	at org.mockito.internal.creation.bytebuddy.TypeCachingBytecodeGenerator.mockClass(TypeCachingBytecodeGenerator.java:75)
	at org.mockito.internal.creation.bytebuddy.InlineBytecodeGenerator.mockClass(InlineBytecodeGenerator.java:221)
	at org.mockito.internal.creation.bytebuddy.TypeCachingBytecodeGenerator.lambda$mockClass$0(TypeCachingBytecodeGenerator.java:78)
	at net.bytebuddy.TypeCache.findOrInsert(TypeCache.java:168)
	at net.bytebuddy.TypeCache$WithInlineExpunction.findOrInsert(TypeCache.java:399)
	at net.bytebuddy.TypeCache.findOrInsert(TypeCache.java:190)
	at net.bytebuddy.TypeCache$WithInlineExpunction.findOrInsert(TypeCache.java:410)
	at org.mockito.internal.creation.bytebuddy.TypeCachingBytecodeGenerator.mockClass(TypeCachingBytecodeGenerator.java:75)
	at org.mockito.internal.creation.bytebuddy.InlineDelegateByteBuddyMockMaker.createMockType(InlineDelegateByteBuddyMockMaker.java:408)
	at org.mockito.internal.creation.bytebuddy.InlineDelegateByteBuddyMockMaker.doCreateMock(InlineDelegateByteBuddyMockMaker.java:367)
	at org.mockito.internal.creation.bytebuddy.InlineDelegateByteBuddyMockMaker.createMock(InlineDelegateByteBuddyMockMaker.java:346)
	at org.mockito.internal.creation.bytebuddy.InlineByteBuddyMockMaker.createMock(InlineByteBuddyMockMaker.java:56)
	at org.mockito.internal.util.MockUtil.createMock(MockUtil.java:99)
	at org.mockito.internal.MockitoCore.mock(MockitoCore.java:84)
	at org.mockito.Mockito.mock(Mockito.java:2162)
	at org.mockito.Mockito.mock(Mockito.java:2077)
	at com.example.postech_tc4_pedido.usecases.BuscarEstoqueUseCaseTest.setUp(BuscarEstoqueUseCaseTest.java:26)
	at java.base/jdk.internal.reflect.DirectMethodHandleAccessor.invoke(DirectMethodHandleAccessor.java:103)
	at java.base/java.lang.reflect.Method.invoke(Method.java:580)
	at org.junit.platform.commons.util.ReflectionUtils.invokeMethod(ReflectionUtils.java:767)
	at org.junit.jupiter.engine.execution.MethodInvocation.proceed(MethodInvocation.java:60)
	at org.junit.jupiter.engine.execution.InvocationInterceptorChain$ValidatingInvocation.proceed(InvocationInterceptorChain.java:131)
	at org.junit.jupiter.engine.extension.TimeoutExtension.intercept(TimeoutExtension.java:156)
	at org.junit.jupiter.engine.extension.TimeoutExtension.interceptLifecycleMethod(TimeoutExtension.java:128)
	at org.junit.jupiter.engine.extension.TimeoutExtension.interceptBeforeEachMethod(TimeoutExtension.java:78)
	at org.junit.jupiter.engine.execution.InterceptingExecutableInvoker$ReflectiveInterceptorCall.lambda$ofVoidMethod$0(InterceptingExecutableInvoker.java:103)
	at org.junit.jupiter.engine.execution.InterceptingExecutableInvoker.lambda$invoke$0(InterceptingExecutableInvoker.java:93)
	at org.junit.jupiter.engine.execution.InvocationInterceptorChain$InterceptedInvocation.proceed(InvocationInterceptorChain.java:106)
	at org.junit.jupiter.engine.execution.InvocationInterceptorChain.proceed(InvocationInterceptorChain.java:64)
	at org.junit.jupiter.engine.execution.InvocationInterceptorChain.chainAndInvoke(InvocationInterceptorChain.java:45)
	at org.junit.jupiter.engine.execution.InvocationInterceptorChain.invoke(InvocationInterceptorChain.java:37)
	at org.junit.jupiter.engine.execution.InterceptingExecutableInvoker.invoke(InterceptingExecutableInvoker.java:92)
	at org.junit.jupiter.engine.execution.InterceptingExecutableInvoker.invoke(InterceptingExecutableInvoker.java:86)
	at org.junit.jupiter.engine.descriptor.ClassBasedTestDescriptor.invokeMethodInExtensionContext(ClassBasedTestDescriptor.java:521)
	at org.junit.jupiter.engine.descriptor.ClassBasedTestDescriptor.lambda$synthesizeBeforeEachMethodAdapter$24(ClassBasedTestDescriptor.java:506)
	at org.junit.jupiter.engine.descriptor.TestMethodTestDescriptor.lambda$invokeBeforeEachMethods$4(TestMethodTestDescriptor.java:174)
	at org.junit.jupiter.engine.descriptor.TestMethodTestDescriptor.lambda$invokeBeforeMethodsOrCallbacksUntilExceptionOccurs$7(TestMethodTestDescriptor.java:202)
	at org.junit.platform.engine.support.hierarchical.ThrowableCollector.execute(ThrowableCollector.java:73)
	at org.junit.jupiter.engine.descriptor.TestMethodTestDescriptor.invokeBeforeMethodsOrCallbacksUntilExceptionOccurs(TestMethodTestDescriptor.java:202)
	at org.junit.jupiter.engine.descriptor.TestMethodTestDescriptor.invokeBeforeEachMethods(TestMethodTestDescriptor.java:171)
	at org.junit.jupiter.engine.descriptor.TestMethodTestDescriptor.execute(TestMethodTestDescriptor.java:134)
	at org.junit.jupiter.engine.descriptor.TestMethodTestDescriptor.execute(TestMethodTestDescriptor.java:68)
	at org.junit.platform.engine.support.hierarchical.NodeTestTask.lambda$executeRecursively$6(NodeTestTask.java:156)
	at org.junit.platform.engine.support.hierarchical.ThrowableCollector.execute(ThrowableCollector.java:73)
	at org.junit.platform.engine.support.hierarchical.NodeTestTask.lambda$executeRecursively$8(NodeTestTask.java:146)
	at org.junit.platform.engine.support.hierarchical.Node.around(Node.java:137)
	at org.junit.platform.engine.support.hierarchical.NodeTestTask.lambda$executeRecursively$9(NodeTestTask.java:144)
	at org.junit.platform.engine.support.hierarchical.ThrowableCollector.execute(ThrowableCollector.java:73)
	at org.junit.platform.engine.support.hierarchical.NodeTestTask.executeRecursively(NodeTestTask.java:143)
	at org.junit.platform.engine.support.hierarchical.NodeTestTask.execute(NodeTestTask.java:100)
	at java.base/java.util.ArrayList.forEach(ArrayList.java:1597)
	at org.junit.platform.engine.support.hierarchical.SameThreadHierarchicalTestExecutorService.invokeAll(SameThreadHierarchicalTestExecutorService.java:41)
	at org.junit.platform.engine.support.hierarchical.NodeTestTask.lambda$executeRecursively$6(NodeTestTask.java:160)
	at org.junit.platform.engine.support.hierarchical.ThrowableCollector.execute(ThrowableCollector.java:73)
	at org.junit.platform.engine.support.hierarchical.NodeTestTask.lambda$executeRecursively$8(NodeTestTask.java:146)
	at org.junit.platform.engine.support.hierarchical.Node.around(Node.java:137)
	at org.junit.platform.engine.support.hierarchical.NodeTestTask.lambda$executeRecursively$9(NodeTestTask.java:144)
	at org.junit.platform.engine.support.hierarchical.ThrowableCollector.execute(ThrowableCollector.java:73)
	at org.junit.platform.engine.support.hierarchical.NodeTestTask.executeRecursively(NodeTestTask.java:143)
	at org.junit.platform.engine.support.hierarchical.NodeTestTask.execute(NodeTestTask.java:100)
	at java.base/java.util.ArrayList.forEach(ArrayList.java:1597)
	at org.junit.platform.engine.support.hierarchical.SameThreadHierarchicalTestExecutorService.invokeAll(SameThreadHierarchicalTestExecutorService.java:41)
	at org.junit.platform.engine.support.hierarchical.NodeTestTask.lambda$executeRecursively$6(NodeTestTask.java:160)
	at org.junit.platform.engine.support.hierarchical.ThrowableCollector.execute(ThrowableCollector.java:73)
	at org.junit.platform.engine.support.hierarchical.NodeTestTask.lambda$executeRecursively$8(NodeTestTask.java:146)
	at org.junit.platform.engine.support.hierarchical.Node.around(Node.java:137)
	at org.junit.platform.engine.support.hierarchical.NodeTestTask.lambda$executeRecursively$9(NodeTestTask.java:144)
	at org.junit.platform.engine.support.hierarchical.ThrowableCollector.execute(ThrowableCollector.java:73)
	at org.junit.platform.engine.support.hierarchical.NodeTestTask.executeRecursively(NodeTestTask.java:143)
	at org.junit.platform.engine.support.hierarchical.NodeTestTask.execute(NodeTestTask.java:100)
	at org.junit.platform.engine.support.hierarchical.SameThreadHierarchicalTestExecutorService.submit(SameThreadHierarchicalTestExecutorService.java:35)
	at org.junit.platform.engine.support.hierarchical.HierarchicalTestExecutor.execute(HierarchicalTestExecutor.java:57)
	at org.junit.platform.engine.support.hierarchical.HierarchicalTestEngine.execute(HierarchicalTestEngine.java:54)
	at org.junit.platform.launcher.core.EngineExecutionOrchestrator.execute(EngineExecutionOrchestrator.java:198)
	at org.junit.platform.launcher.core.EngineExecutionOrchestrator.execute(EngineExecutionOrchestrator.java:169)
	at org.junit.platform.launcher.core.EngineExecutionOrchestrator.execute(EngineExecutionOrchestrator.java:93)
	at org.junit.platform.launcher.core.EngineExecutionOrchestrator.lambda$execute$0(EngineExecutionOrchestrator.java:58)
	at org.junit.platform.launcher.core.EngineExecutionOrchestrator.withInterceptedStreams(EngineExecutionOrchestrator.java:141)
	at org.junit.platform.launcher.core.EngineExecutionOrchestrator.execute(EngineExecutionOrchestrator.java:57)
	at org.junit.platform.launcher.core.DefaultLauncher.execute(DefaultLauncher.java:103)
	at org.junit.platform.launcher.core.DefaultLauncher.execute(DefaultLauncher.java:85)
	at org.junit.platform.launcher.core.DelegatingLauncher.execute(DelegatingLauncher.java:47)
	at org.apache.maven.surefire.junitplatform.LazyLauncher.execute(LazyLauncher.java:56)
	at org.apache.maven.surefire.junitplatform.JUnitPlatformProvider.execute(JUnitPlatformProvider.java:194)
	at org.apache.maven.surefire.junitplatform.JUnitPlatformProvider.invokeAllTests(JUnitPlatformProvider.java:150)
	at org.apache.maven.surefire.junitplatform.JUnitPlatformProvider.invoke(JUnitPlatformProvider.java:124)
	at org.apache.maven.surefire.booter.ForkedBooter.runSuitesInProcess(ForkedBooter.java:385)
	at org.apache.maven.surefire.booter.ForkedBooter.execute(ForkedBooter.java:162)
	at org.apache.maven.surefire.booter.ForkedBooter.run(ForkedBooter.java:507)
	at org.apache.maven.surefire.booter.ForkedBooter.main(ForkedBooter.java:495)
Caused by: java.io.IOException: Error while instrumenting com/example/postech_tc4_pedido/gateway/external/interfaces/IEstoqueGateway$MockitoMock$eXpJIR9W with JaCoCo 0.8.11.202310140853/f33756c.
	at org.jacoco.agent.rt.internal_4742761.core.instr.Instrumenter.instrumentError(Instrumenter.java:161)
	at org.jacoco.agent.rt.internal_4742761.core.instr.Instrumenter.instrument(Instrumenter.java:111)
	at org.jacoco.agent.rt.internal_4742761.CoverageTransformer.transform(CoverageTransformer.java:92)
	... 111 more
Caused by: java.lang.IllegalArgumentException: Unsupported class file major version 67
	at org.jacoco.agent.rt.internal_4742761.asm.ClassReader.<init>(ClassReader.java:200)
	at org.jacoco.agent.rt.internal_4742761.asm.ClassReader.<init>(ClassReader.java:180)
	at org.jacoco.agent.rt.internal_4742761.asm.ClassReader.<init>(ClassReader.java:166)
	at org.jacoco.agent.rt.internal_4742761.core.internal.instr.InstrSupport.classReaderFor(InstrSupport.java:280)
	at org.jacoco.agent.rt.internal_4742761.core.instr.Instrumenter.instrument(Instrumenter.java:77)
	at org.jacoco.agent.rt.internal_4742761.core.instr.Instrumenter.instrument(Instrumenter.java:109)
	... 112 more
java.lang.instrument.IllegalClassFormatException: Error while instrumenting com/example/postech_tc4_pedido/gateway/external/interfaces/IEstoqueGateway$MockitoMock$eXpJIR9W$auxiliary$WhcI9GtW with JaCoCo 0.8.11.202310140853/f33756c.
	at org.jacoco.agent.rt.internal_4742761.CoverageTransformer.transform(CoverageTransformer.java:94)
	at java.instrument/java.lang.instrument.ClassFileTransformer.transform(ClassFileTransformer.java:242)
	at java.instrument/sun.instrument.TransformerManager.transform(TransformerManager.java:188)
	at java.instrument/sun.instrument.InstrumentationImpl.transform(InstrumentationImpl.java:610)
	at java.base/java.lang.ClassLoader.defineClass1(Native Method)
	at java.base/java.lang.ClassLoader.defineClass(ClassLoader.java:1026)
	at java.base/java.lang.ClassLoader$ByteBuddyAccessor$V1.defineClass(Unknown Source)
	at java.base/jdk.internal.reflect.DirectMethodHandleAccessor.invoke(DirectMethodHandleAccessor.java:103)
	at java.base/java.lang.reflect.Method.invoke(Method.java:580)
	at net.bytebuddy.dynamic.loading.ClassInjector$UsingReflection$Dispatcher$UsingUnsafeInjection.defineClass(ClassInjector.java:1088)
	at net.bytebuddy.dynamic.loading.ClassInjector$UsingReflection.injectRaw(ClassInjector.java:328)
	at net.bytebuddy.dynamic.loading.ClassInjector$AbstractBase.injectRaw(ClassInjector.java:166)
	at net.bytebuddy.dynamic.loading.ClassInjector$AbstractBase.inject(ClassInjector.java:154)
	at net.bytebuddy.dynamic.loading.ClassLoadingStrategy$Default$InjectionDispatcher.load(ClassLoadingStrategy.java:241)
	at net.bytebuddy.dynamic.TypeResolutionStrategy$Passive.initialize(TypeResolutionStrategy.java:101)
	at net.bytebuddy.dynamic.DynamicType$Default$Unloaded.load(DynamicType.java:6424)
	at org.mockito.internal.creation.bytebuddy.SubclassBytecodeGenerator.mockClass(SubclassBytecodeGenerator.java:297)
	at org.mockito.internal.creation.bytebuddy.TypeCachingBytecodeGenerator.lambda$mockClass$0(TypeCachingBytecodeGenerator.java:78)
	at net.bytebuddy.TypeCache.findOrInsert(TypeCache.java:168)
	at net.bytebuddy.TypeCache$WithInlineExpunction.findOrInsert(TypeCache.java:399)
	at net.bytebuddy.TypeCache.findOrInsert(TypeCache.java:190)
	at net.bytebuddy.TypeCache$WithInlineExpunction.findOrInsert(TypeCache.java:410)
	at org.mockito.internal.creation.bytebuddy.TypeCachingBytecodeGenerator.mockClass(TypeCachingBytecodeGenerator.java:75)
	at org.mockito.internal.creation.bytebuddy.InlineBytecodeGenerator.mockClass(InlineBytecodeGenerator.java:221)
	at org.mockito.internal.creation.bytebuddy.TypeCachingBytecodeGenerator.lambda$mockClass$0(TypeCachingBytecodeGenerator.java:78)
	at net.bytebuddy.TypeCache.findOrInsert(TypeCache.java:168)
	at net.bytebuddy.TypeCache$WithInlineExpunction.findOrInsert(TypeCache.java:399)
	at net.bytebuddy.TypeCache.findOrInsert(TypeCache.java:190)
	at net.bytebuddy.TypeCache$WithInlineExpunction.findOrInsert(TypeCache.java:410)
	at org.mockito.internal.creation.bytebuddy.TypeCachingBytecodeGenerator.mockClass(TypeCachingBytecodeGenerator.java:75)
	at org.mockito.internal.creation.bytebuddy.InlineDelegateByteBuddyMockMaker.createMockType(InlineDelegateByteBuddyMockMaker.java:408)
	at org.mockito.internal.creation.bytebuddy.InlineDelegateByteBuddyMockMaker.doCreateMock(InlineDelegateByteBuddyMockMaker.java:367)
	at org.mockito.internal.creation.bytebuddy.InlineDelegateByteBuddyMockMaker.createMock(InlineDelegateByteBuddyMockMaker.java:346)
	at org.mockito.internal.creation.bytebuddy.InlineByteBuddyMockMaker.createMock(InlineByteBuddyMockMaker.java:56)
	at org.mockito.internal.util.MockUtil.createMock(MockUtil.java:99)
	at org.mockito.internal.MockitoCore.mock(MockitoCore.java:84)
	at org.mockito.Mockito.mock(Mockito.java:2162)
	at org.mockito.Mockito.mock(Mockito.java:2077)
	at com.example.postech_tc4_pedido.usecases.BuscarEstoqueUseCaseTest.setUp(BuscarEstoqueUseCaseTest.java:26)
	at java.base/jdk.internal.reflect.DirectMethodHandleAccessor.invoke(DirectMethodHandleAccessor.java:103)
	at java.base/java.lang.reflect.Method.invoke(Method.java:580)
	at org.junit.platform.commons.util.ReflectionUtils.invokeMethod(ReflectionUtils.java:767)
	at org.junit.jupiter.engine.execution.MethodInvocation.proceed(MethodInvocation.java:60)
	at org.junit.jupiter.engine.execution.InvocationInterceptorChain$ValidatingInvocation.proceed(InvocationInterceptorChain.java:131)
	at org.junit.jupiter.engine.extension.TimeoutExtension.intercept(TimeoutExtension.java:156)
	at org.junit.jupiter.engine.extension.TimeoutExtension.interceptLifecycleMethod(TimeoutExtension.java:128)
	at org.junit.jupiter.engine.extension.TimeoutExtension.interceptBeforeEachMethod(TimeoutExtension.java:78)
	at org.junit.jupiter.engine.execution.InterceptingExecutableInvoker$ReflectiveInterceptorCall.lambda$ofVoidMethod$0(InterceptingExecutableInvoker.java:103)
	at org.junit.jupiter.engine.execution.InterceptingExecutableInvoker.lambda$invoke$0(InterceptingExecutableInvoker.java:93)
	at org.junit.jupiter.engine.execution.InvocationInterceptorChain$InterceptedInvocation.proceed(InvocationInterceptorChain.java:106)
	at org.junit.jupiter.engine.execution.InvocationInterceptorChain.proceed(InvocationInterceptorChain.java:64)
	at org.junit.jupiter.engine.execution.InvocationInterceptorChain.chainAndInvoke(InvocationInterceptorChain.java:45)
	at org.junit.jupiter.engine.execution.InvocationInterceptorChain.invoke(InvocationInterceptorChain.java:37)
	at org.junit.jupiter.engine.execution.InterceptingExecutableInvoker.invoke(InterceptingExecutableInvoker.java:92)
	at org.junit.jupiter.engine.execution.InterceptingExecutableInvoker.invoke(InterceptingExecutableInvoker.java:86)
	at org.junit.jupiter.engine.descriptor.ClassBasedTestDescriptor.invokeMethodInExtensionContext(ClassBasedTestDescriptor.java:521)
	at org.junit.jupiter.engine.descriptor.ClassBasedTestDescriptor.lambda$synthesizeBeforeEachMethodAdapter$24(ClassBasedTestDescriptor.java:506)
	at org.junit.jupiter.engine.descriptor.TestMethodTestDescriptor.lambda$invokeBeforeEachMethods$4(TestMethodTestDescriptor.java:174)
	at org.junit.jupiter.engine.descriptor.TestMethodTestDescriptor.lambda$invokeBeforeMethodsOrCallbacksUntilExceptionOccurs$7(TestMethodTestDescriptor.java:202)
	at org.junit.platform.engine.support.hierarchical.ThrowableCollector.execute(ThrowableCollector.java:73)
	at org.junit.jupiter.engine.descriptor.TestMethodTestDescriptor.invokeBeforeMethodsOrCallbacksUntilExceptionOccurs(TestMethodTestDescriptor.java:202)
	at org.junit.jupiter.engine.descriptor.TestMethodTestDescriptor.invokeBeforeEachMethods(TestMethodTestDescriptor.java:171)
	at org.junit.jupiter.engine.descriptor.TestMethodTestDescriptor.execute(TestMethodTestDescriptor.java:134)
	at org.junit.jupiter.engine.descriptor.TestMethodTestDescriptor.execute(TestMethodTestDescriptor.java:68)
	at org.junit.platform.engine.support.hierarchical.NodeTestTask.lambda$executeRecursively$6(NodeTestTask.java:156)
	at org.junit.platform.engine.support.hierarchical.ThrowableCollector.execute(ThrowableCollector.java:73)
	at org.junit.platform.engine.support.hierarchical.NodeTestTask.lambda$executeRecursively$8(NodeTestTask.java:146)
	at org.junit.platform.engine.support.hierarchical.Node.around(Node.java:137)
	at org.junit.platform.engine.support.hierarchical.NodeTestTask.lambda$executeRecursively$9(NodeTestTask.java:144)
	at org.junit.platform.engine.support.hierarchical.ThrowableCollector.execute(ThrowableCollector.java:73)
	at org.junit.platform.engine.support.hierarchical.NodeTestTask.executeRecursively(NodeTestTask.java:143)
	at org.junit.platform.engine.support.hierarchical.NodeTestTask.execute(NodeTestTask.java:100)
	at java.base/java.util.ArrayList.forEach(ArrayList.java:1597)
	at org.junit.platform.engine.support.hierarchical.SameThreadHierarchicalTestExecutorService.invokeAll(SameThreadHierarchicalTestExecutorService.java:41)
	at org.junit.platform.engine.support.hierarchical.NodeTestTask.lambda$executeRecursively$6(NodeTestTask.java:160)
	at org.junit.platform.engine.support.hierarchical.ThrowableCollector.execute(ThrowableCollector.java:73)
	at org.junit.platform.engine.support.hierarchical.NodeTestTask.lambda$executeRecursively$8(NodeTestTask.java:146)
	at org.junit.platform.engine.support.hierarchical.Node.around(Node.java:137)
	at org.junit.platform.engine.support.hierarchical.NodeTestTask.lambda$executeRecursively$9(NodeTestTask.java:144)
	at org.junit.platform.engine.support.hierarchical.ThrowableCollector.execute(ThrowableCollector.java:73)
	at org.junit.platform.engine.support.hierarchical.NodeTestTask.executeRecursively(NodeTestTask.java:143)
	at org.junit.platform.engine.support.hierarchical.NodeTestTask.execute(NodeTestTask.java:100)
	at java.base/java.util.ArrayList.forEach(ArrayList.java:1597)
	at org.junit.platform.engine.support.hierarchical.SameThreadHierarchicalTestExecutorService.invokeAll(SameThreadHierarchicalTestExecutorService.java:41)
	at org.junit.platform.engine.support.hierarchical.NodeTestTask.lambda$executeRecursively$6(NodeTestTask.java:160)
	at org.junit.platform.engine.support.hierarchical.ThrowableCollector.execute(ThrowableCollector.java:73)
	at org.junit.platform.engine.support.hierarchical.NodeTestTask.lambda$executeRecursively$8(NodeTestTask.java:146)
	at org.junit.platform.engine.support.hierarchical.Node.around(Node.java:137)
	at org.junit.platform.engine.support.hierarchical.NodeTestTask.lambda$executeRecursively$9(NodeTestTask.java:144)
	at org.junit.platform.engine.support.hierarchical.ThrowableCollector.execute(ThrowableCollector.java:73)
	at org.junit.platform.engine.support.hierarchical.NodeTestTask.executeRecursively(NodeTestTask.java:143)
	at org.junit.platform.engine.support.hierarchical.NodeTestTask.execute(NodeTestTask.java:100)
	at org.junit.platform.engine.support.hierarchical.SameThreadHierarchicalTestExecutorService.submit(SameThreadHierarchicalTestExecutorService.java:35)
	at org.junit.platform.engine.support.hierarchical.HierarchicalTestExecutor.execute(HierarchicalTestExecutor.java:57)
	at org.junit.platform.engine.support.hierarchical.HierarchicalTestEngine.execute(HierarchicalTestEngine.java:54)
	at org.junit.platform.launcher.core.EngineExecutionOrchestrator.execute(EngineExecutionOrchestrator.java:198)
	at org.junit.platform.launcher.core.EngineExecutionOrchestrator.execute(EngineExecutionOrchestrator.java:169)
	at org.junit.platform.launcher.core.EngineExecutionOrchestrator.execute(EngineExecutionOrchestrator.java:93)
	at org.junit.platform.launcher.core.EngineExecutionOrchestrator.lambda$execute$0(EngineExecutionOrchestrator.java:58)
	at org.junit.platform.launcher.core.EngineExecutionOrchestrator.withInterceptedStreams(EngineExecutionOrchestrator.java:141)
	at org.junit.platform.launcher.core.EngineExecutionOrchestrator.execute(EngineExecutionOrchestrator.java:57)
	at org.junit.platform.launcher.core.DefaultLauncher.execute(DefaultLauncher.java:103)
	at org.junit.platform.launcher.core.DefaultLauncher.execute(DefaultLauncher.java:85)
	at org.junit.platform.launcher.core.DelegatingLauncher.execute(DelegatingLauncher.java:47)
	at org.apache.maven.surefire.junitplatform.LazyLauncher.execute(LazyLauncher.java:56)
	at org.apache.maven.surefire.junitplatform.JUnitPlatformProvider.execute(JUnitPlatformProvider.java:194)
	at org.apache.maven.surefire.junitplatform.JUnitPlatformProvider.invokeAllTests(JUnitPlatformProvider.java:150)
	at org.apache.maven.surefire.junitplatform.JUnitPlatformProvider.invoke(JUnitPlatformProvider.java:124)
	at org.apache.maven.surefire.booter.ForkedBooter.runSuitesInProcess(ForkedBooter.java:385)
	at org.apache.maven.surefire.booter.ForkedBooter.execute(ForkedBooter.java:162)
	at org.apache.maven.surefire.booter.ForkedBooter.run(ForkedBooter.java:507)
	at org.apache.maven.surefire.booter.ForkedBooter.main(ForkedBooter.java:495)
Caused by: java.io.IOException: Error while instrumenting com/example/postech_tc4_pedido/gateway/external/interfaces/IEstoqueGateway$MockitoMock$eXpJIR9W$auxiliary$WhcI9GtW with JaCoCo 0.8.11.202310140853/f33756c.
	at org.jacoco.agent.rt.internal_4742761.core.instr.Instrumenter.instrumentError(Instrumenter.java:161)
	at org.jacoco.agent.rt.internal_4742761.core.instr.Instrumenter.instrument(Instrumenter.java:111)
	at org.jacoco.agent.rt.internal_4742761.CoverageTransformer.transform(CoverageTransformer.java:92)
	... 111 more
Caused by: java.lang.IllegalArgumentException: Unsupported class file major version 67
	at org.jacoco.agent.rt.internal_4742761.asm.ClassReader.<init>(ClassReader.java:200)
	at org.jacoco.agent.rt.internal_4742761.asm.ClassReader.<init>(ClassReader.java:180)
	at org.jacoco.agent.rt.internal_4742761.asm.ClassReader.<init>(ClassReader.java:166)
	at org.jacoco.agent.rt.internal_4742761.core.internal.instr.InstrSupport.classReaderFor(InstrSupport.java:280)
	at org.jacoco.agent.rt.internal_4742761.core.instr.Instrumenter.instrument(Instrumenter.java:77)
	at org.jacoco.agent.rt.internal_4742761.core.instr.Instrumenter.instrument(Instrumenter.java:109)
	... 112 more
java.lang.instrument.IllegalClassFormatException: Error while instrumenting com/example/postech_tc4_pedido/gateway/external/interfaces/IEstoqueGateway$MockitoMock$eXpJIR9W$auxiliary$Wu5zRghn with JaCoCo 0.8.11.202310140853/f33756c.
	at org.jacoco.agent.rt.internal_4742761.CoverageTransformer.transform(CoverageTransformer.java:94)
	at java.instrument/java.lang.instrument.ClassFileTransformer.transform(ClassFileTransformer.java:242)
	at java.instrument/sun.instrument.TransformerManager.transform(TransformerManager.java:188)
	at java.instrument/sun.instrument.InstrumentationImpl.transform(InstrumentationImpl.java:610)
	at java.base/java.lang.ClassLoader.defineClass1(Native Method)
	at java.base/java.lang.ClassLoader.defineClass(ClassLoader.java:1026)
	at java.base/java.lang.ClassLoader$ByteBuddyAccessor$V1.defineClass(Unknown Source)
	at java.base/jdk.internal.reflect.DirectMethodHandleAccessor.invoke(DirectMethodHandleAccessor.java:103)
	at java.base/java.lang.reflect.Method.invoke(Method.java:580)
	at net.bytebuddy.dynamic.loading.ClassInjector$UsingReflection$Dispatcher$UsingUnsafeInjection.defineClass(ClassInjector.java:1088)
	at net.bytebuddy.dynamic.loading.ClassInjector$UsingReflection.injectRaw(ClassInjector.java:328)
	at net.bytebuddy.dynamic.loading.ClassInjector$AbstractBase.injectRaw(ClassInjector.java:166)
	at net.bytebuddy.dynamic.loading.ClassInjector$AbstractBase.inject(ClassInjector.java:154)
	at net.bytebuddy.dynamic.loading.ClassLoadingStrategy$Default$InjectionDispatcher.load(ClassLoadingStrategy.java:241)
	at net.bytebuddy.dynamic.TypeResolutionStrategy$Passive.initialize(TypeResolutionStrategy.java:101)
	at net.bytebuddy.dynamic.DynamicType$Default$Unloaded.load(DynamicType.java:6424)
	at org.mockito.internal.creation.bytebuddy.SubclassBytecodeGenerator.mockClass(SubclassBytecodeGenerator.java:297)
	at org.mockito.internal.creation.bytebuddy.TypeCachingBytecodeGenerator.lambda$mockClass$0(TypeCachingBytecodeGenerator.java:78)
	at net.bytebuddy.TypeCache.findOrInsert(TypeCache.java:168)
	at net.bytebuddy.TypeCache$WithInlineExpunction.findOrInsert(TypeCache.java:399)
	at net.bytebuddy.TypeCache.findOrInsert(TypeCache.java:190)
	at net.bytebuddy.TypeCache$WithInlineExpunction.findOrInsert(TypeCache.java:410)
	at org.mockito.internal.creation.bytebuddy.TypeCachingBytecodeGenerator.mockClass(TypeCachingBytecodeGenerator.java:75)
	at org.mockito.internal.creation.bytebuddy.InlineBytecodeGenerator.mockClass(InlineBytecodeGenerator.java:221)
	at org.mockito.internal.creation.bytebuddy.TypeCachingBytecodeGenerator.lambda$mockClass$0(TypeCachingBytecodeGenerator.java:78)
	at net.bytebuddy.TypeCache.findOrInsert(TypeCache.java:168)
	at net.bytebuddy.TypeCache$WithInlineExpunction.findOrInsert(TypeCache.java:399)
	at net.bytebuddy.TypeCache.findOrInsert(TypeCache.java:190)
	at net.bytebuddy.TypeCache$WithInlineExpunction.findOrInsert(TypeCache.java:410)
	at org.mockito.internal.creation.bytebuddy.TypeCachingBytecodeGenerator.mockClass(TypeCachingBytecodeGenerator.java:75)
	at org.mockito.internal.creation.bytebuddy.InlineDelegateByteBuddyMockMaker.createMockType(InlineDelegateByteBuddyMockMaker.java:408)
	at org.mockito.internal.creation.bytebuddy.InlineDelegateByteBuddyMockMaker.doCreateMock(InlineDelegateByteBuddyMockMaker.java:367)
	at org.mockito.internal.creation.bytebuddy.InlineDelegateByteBuddyMockMaker.createMock(InlineDelegateByteBuddyMockMaker.java:346)
	at org.mockito.internal.creation.bytebuddy.InlineByteBuddyMockMaker.createMock(InlineByteBuddyMockMaker.java:56)
	at org.mockito.internal.util.MockUtil.createMock(MockUtil.java:99)
	at org.mockito.internal.MockitoCore.mock(MockitoCore.java:84)
	at org.mockito.Mockito.mock(Mockito.java:2162)
	at org.mockito.Mockito.mock(Mockito.java:2077)
	at com.example.postech_tc4_pedido.usecases.BuscarEstoqueUseCaseTest.setUp(BuscarEstoqueUseCaseTest.java:26)
	at java.base/jdk.internal.reflect.DirectMethodHandleAccessor.invoke(DirectMethodHandleAccessor.java:103)
	at java.base/java.lang.reflect.Method.invoke(Method.java:580)
	at org.junit.platform.commons.util.ReflectionUtils.invokeMethod(ReflectionUtils.java:767)
	at org.junit.jupiter.engine.execution.MethodInvocation.proceed(MethodInvocation.java:60)
	at org.junit.jupiter.engine.execution.InvocationInterceptorChain$ValidatingInvocation.proceed(InvocationInterceptorChain.java:131)
	at org.junit.jupiter.engine.extension.TimeoutExtension.intercept(TimeoutExtension.java:156)
	at org.junit.jupiter.engine.extension.TimeoutExtension.interceptLifecycleMethod(TimeoutExtension.java:128)
	at org.junit.jupiter.engine.extension.TimeoutExtension.interceptBeforeEachMethod(TimeoutExtension.java:78)
	at org.junit.jupiter.engine.execution.InterceptingExecutableInvoker$ReflectiveInterceptorCall.lambda$ofVoidMethod$0(InterceptingExecutableInvoker.java:103)
	at org.junit.jupiter.engine.execution.InterceptingExecutableInvoker.lambda$invoke$0(InterceptingExecutableInvoker.java:93)
	at org.junit.jupiter.engine.execution.InvocationInterceptorChain$InterceptedInvocation.proceed(InvocationInterceptorChain.java:106)
	at org.junit.jupiter.engine.execution.InvocationInterceptorChain.proceed(InvocationInterceptorChain.java:64)
	at org.junit.jupiter.engine.execution.InvocationInterceptorChain.chainAndInvoke(InvocationInterceptorChain.java:45)
	at org.junit.jupiter.engine.execution.InvocationInterceptorChain.invoke(InvocationInterceptorChain.java:37)
	at org.junit.jupiter.engine.execution.InterceptingExecutableInvoker.invoke(InterceptingExecutableInvoker.java:92)
	at org.junit.jupiter.engine.execution.InterceptingExecutableInvoker.invoke(InterceptingExecutableInvoker.java:86)
	at org.junit.jupiter.engine.descriptor.ClassBasedTestDescriptor.invokeMethodInExtensionContext(ClassBasedTestDescriptor.java:521)
	at org.junit.jupiter.engine.descriptor.ClassBasedTestDescriptor.lambda$synthesizeBeforeEachMethodAdapter$24(ClassBasedTestDescriptor.java:506)
	at org.junit.jupiter.engine.descriptor.TestMethodTestDescriptor.lambda$invokeBeforeEachMethods$4(TestMethodTestDescriptor.java:174)
	at org.junit.jupiter.engine.descriptor.TestMethodTestDescriptor.lambda$invokeBeforeMethodsOrCallbacksUntilExceptionOccurs$7(TestMethodTestDescriptor.java:202)
	at org.junit.platform.engine.support.hierarchical.ThrowableCollector.execute(ThrowableCollector.java:73)
	at org.junit.jupiter.engine.descriptor.TestMethodTestDescriptor.invokeBeforeMethodsOrCallbacksUntilExceptionOccurs(TestMethodTestDescriptor.java:202)
	at org.junit.jupiter.engine.descriptor.TestMethodTestDescriptor.invokeBeforeEachMethods(TestMethodTestDescriptor.java:171)
	at org.junit.jupiter.engine.descriptor.TestMethodTestDescriptor.execute(TestMethodTestDescriptor.java:134)
	at org.junit.jupiter.engine.descriptor.TestMethodTestDescriptor.execute(TestMethodTestDescriptor.java:68)
	at org.junit.platform.engine.support.hierarchical.NodeTestTask.lambda$executeRecursively$6(NodeTestTask.java:156)
	at org.junit.platform.engine.support.hierarchical.ThrowableCollector.execute(ThrowableCollector.java:73)
	at org.junit.platform.engine.support.hierarchical.NodeTestTask.lambda$executeRecursively$8(NodeTestTask.java:146)
	at org.junit.platform.engine.support.hierarchical.Node.around(Node.java:137)
	at org.junit.platform.engine.support.hierarchical.NodeTestTask.lambda$executeRecursively$9(NodeTestTask.java:144)
	at org.junit.platform.engine.support.hierarchical.ThrowableCollector.execute(ThrowableCollector.java:73)
	at org.junit.platform.engine.support.hierarchical.NodeTestTask.executeRecursively(NodeTestTask.java:143)
	at org.junit.platform.engine.support.hierarchical.NodeTestTask.execute(NodeTestTask.java:100)
	at java.base/java.util.ArrayList.forEach(ArrayList.java:1597)
	at org.junit.platform.engine.support.hierarchical.SameThreadHierarchicalTestExecutorService.invokeAll(SameThreadHierarchicalTestExecutorService.java:41)
	at org.junit.platform.engine.support.hierarchical.NodeTestTask.lambda$executeRecursively$6(NodeTestTask.java:160)
	at org.junit.platform.engine.support.hierarchical.ThrowableCollector.execute(ThrowableCollector.java:73)
	at org.junit.platform.engine.support.hierarchical.NodeTestTask.lambda$executeRecursively$8(NodeTestTask.java:146)
	at org.junit.platform.engine.support.hierarchical.Node.around(Node.java:137)
	at org.junit.platform.engine.support.hierarchical.NodeTestTask.lambda$executeRecursively$9(NodeTestTask.java:144)
	at org.junit.platform.engine.support.hierarchical.ThrowableCollector.execute(ThrowableCollector.java:73)
	at org.junit.platform.engine.support.hierarchical.NodeTestTask.executeRecursively(NodeTestTask.java:143)
	at org.junit.platform.engine.support.hierarchical.NodeTestTask.execute(NodeTestTask.java:100)
	at java.base/java.util.ArrayList.forEach(ArrayList.java:1597)
	at org.junit.platform.engine.support.hierarchical.SameThreadHierarchicalTestExecutorService.invokeAll(SameThreadHierarchicalTestExecutorService.java:41)
	at org.junit.platform.engine.support.hierarchical.NodeTestTask.lambda$executeRecursively$6(NodeTestTask.java:160)
	at org.junit.platform.engine.support.hierarchical.ThrowableCollector.execute(ThrowableCollector.java:73)
	at org.junit.platform.engine.support.hierarchical.NodeTestTask.lambda$executeRecursively$8(NodeTestTask.java:146)
	at org.junit.platform.engine.support.hierarchical.Node.around(Node.java:137)
	at org.junit.platform.engine.support.hierarchical.NodeTestTask.lambda$executeRecursively$9(NodeTestTask.java:144)
	at org.junit.platform.engine.support.hierarchical.ThrowableCollector.execute(ThrowableCollector.java:73)
	at org.junit.platform.engine.support.hierarchical.NodeTestTask.executeRecursively(NodeTestTask.java:143)
	at org.junit.platform.engine.support.hierarchical.NodeTestTask.execute(NodeTestTask.java:100)
	at org.junit.platform.engine.support.hierarchical.SameThreadHierarchicalTestExecutorService.submit(SameThreadHierarchicalTestExecutorService.java:35)
	at org.junit.platform.engine.support.hierarchical.HierarchicalTestExecutor.execute(HierarchicalTestExecutor.java:57)
	at org.junit.platform.engine.support.hierarchical.HierarchicalTestEngine.execute(HierarchicalTestEngine.java:54)
	at org.junit.platform.launcher.core.EngineExecutionOrchestrator.execute(EngineExecutionOrchestrator.java:198)
	at org.junit.platform.launcher.core.EngineExecutionOrchestrator.execute(EngineExecutionOrchestrator.java:169)
	at org.junit.platform.launcher.core.EngineExecutionOrchestrator.execute(EngineExecutionOrchestrator.java:93)
	at org.junit.platform.launcher.core.EngineExecutionOrchestrator.lambda$execute$0(EngineExecutionOrchestrator.java:58)
	at org.junit.platform.launcher.core.EngineExecutionOrchestrator.withInterceptedStreams(EngineExecutionOrchestrator.java:141)
	at org.junit.platform.launcher.core.EngineExecutionOrchestrator.execute(EngineExecutionOrchestrator.java:57)
	at org.junit.platform.launcher.core.DefaultLauncher.execute(DefaultLauncher.java:103)
	at org.junit.platform.launcher.core.DefaultLauncher.execute(DefaultLauncher.java:85)
	at org.junit.platform.launcher.core.DelegatingLauncher.execute(DelegatingLauncher.java:47)
	at org.apache.maven.surefire.junitplatform.LazyLauncher.execute(LazyLauncher.java:56)
	at org.apache.maven.surefire.junitplatform.JUnitPlatformProvider.execute(JUnitPlatformProvider.java:194)
	at org.apache.maven.surefire.junitplatform.JUnitPlatformProvider.invokeAllTests(JUnitPlatformProvider.java:150)
	at org.apache.maven.surefire.junitplatform.JUnitPlatformProvider.invoke(JUnitPlatformProvider.java:124)
	at org.apache.maven.surefire.booter.ForkedBooter.runSuitesInProcess(ForkedBooter.java:385)
	at org.apache.maven.surefire.booter.ForkedBooter.execute(ForkedBooter.java:162)
	at org.apache.maven.surefire.booter.ForkedBooter.run(ForkedBooter.java:507)
	at org.apache.maven.surefire.booter.ForkedBooter.main(ForkedBooter.java:495)
Caused by: java.io.IOException: Error while instrumenting com/example/postech_tc4_pedido/gateway/external/interfaces/IEstoqueGateway$MockitoMock$eXpJIR9W$auxiliary$Wu5zRghn with JaCoCo 0.8.11.202310140853/f33756c.
	at org.jacoco.agent.rt.internal_4742761.core.instr.Instrumenter.instrumentError(Instrumenter.java:161)
	at org.jacoco.agent.rt.internal_4742761.core.instr.Instrumenter.instrument(Instrumenter.java:111)
	at org.jacoco.agent.rt.internal_4742761.CoverageTransformer.transform(CoverageTransformer.java:92)
	... 111 more
Caused by: java.lang.IllegalArgumentException: Unsupported class file major version 67
	at org.jacoco.agent.rt.internal_4742761.asm.ClassReader.<init>(ClassReader.java:200)
	at org.jacoco.agent.rt.internal_4742761.asm.ClassReader.<init>(ClassReader.java:180)
	at org.jacoco.agent.rt.internal_4742761.asm.ClassReader.<init>(ClassReader.java:166)
	at org.jacoco.agent.rt.internal_4742761.core.internal.instr.InstrSupport.classReaderFor(InstrSupport.java:280)
	at org.jacoco.agent.rt.internal_4742761.core.instr.Instrumenter.instrument(Instrumenter.java:77)
	at org.jacoco.agent.rt.internal_4742761.core.instr.Instrumenter.instrument(Instrumenter.java:109)
	... 112 more
java.lang.RuntimeException: Erro no estoque
	at com.example.postech_tc4_pedido.usecases.BuscarEstoqueUseCase.lambda$verificarDisponibilidade$0(BuscarEstoqueUseCase.java:19)
	at java.base/java.util.stream.MatchOps$1MatchSink.accept(MatchOps.java:90)
	at java.base/java.util.AbstractList$RandomAccessSpliterator.tryAdvance(AbstractList.java:708)
	at java.base/java.util.stream.ReferencePipeline.forEachWithCancel(ReferencePipeline.java:147)
	at java.base/java.util.stream.AbstractPipeline.copyIntoWithCancel(AbstractPipeline.java:588)
	at java.base/java.util.stream.AbstractPipeline.copyInto(AbstractPipeline.java:574)
	at java.base/java.util.stream.AbstractPipeline.wrapAndCopyInto(AbstractPipeline.java:560)
	at java.base/java.util.stream.MatchOps$MatchOp.evaluateSequential(MatchOps.java:230)
	at java.base/java.util.stream.MatchOps$MatchOp.evaluateSequential(MatchOps.java:196)
	at java.base/java.util.stream.AbstractPipeline.evaluate(AbstractPipeline.java:265)
	at java.base/java.util.stream.ReferencePipeline.allMatch(ReferencePipeline.java:677)
	at com.example.postech_tc4_pedido.usecases.BuscarEstoqueUseCase.verificarDisponibilidade(BuscarEstoqueUseCase.java:18)
	at com.example.postech_tc4_pedido.usecases.BuscarEstoqueUseCaseTest.deveRetornarFalseQuandoOcorreExcecao(BuscarEstoqueUseCaseTest.java:93)
	at java.base/jdk.internal.reflect.DirectMethodHandleAccessor.invoke(DirectMethodHandleAccessor.java:103)
	at java.base/java.lang.reflect.Method.invoke(Method.java:580)
	at org.junit.platform.commons.util.ReflectionUtils.invokeMethod(ReflectionUtils.java:767)
	at org.junit.jupiter.engine.execution.MethodInvocation.proceed(MethodInvocation.java:60)
	at org.junit.jupiter.engine.execution.InvocationInterceptorChain$ValidatingInvocation.proceed(InvocationInterceptorChain.java:131)
	at org.junit.jupiter.engine.extension.TimeoutExtension.intercept(TimeoutExtension.java:156)
	at org.junit.jupiter.engine.extension.TimeoutExtension.interceptTestableMethod(TimeoutExtension.java:147)
	at org.junit.jupiter.engine.extension.TimeoutExtension.interceptTestMethod(TimeoutExtension.java:86)
	at org.junit.jupiter.engine.execution.InterceptingExecutableInvoker$ReflectiveInterceptorCall.lambda$ofVoidMethod$0(InterceptingExecutableInvoker.java:103)
	at org.junit.jupiter.engine.execution.InterceptingExecutableInvoker.lambda$invoke$0(InterceptingExecutableInvoker.java:93)
	at org.junit.jupiter.engine.execution.InvocationInterceptorChain$InterceptedInvocation.proceed(InvocationInterceptorChain.java:106)
	at org.junit.jupiter.engine.execution.InvocationInterceptorChain.proceed(InvocationInterceptorChain.java:64)
	at org.junit.jupiter.engine.execution.InvocationInterceptorChain.chainAndInvoke(InvocationInterceptorChain.java:45)
	at org.junit.jupiter.engine.execution.InvocationInterceptorChain.invoke(InvocationInterceptorChain.java:37)
	at org.junit.jupiter.engine.execution.InterceptingExecutableInvoker.invoke(InterceptingExecutableInvoker.java:92)
	at org.junit.jupiter.engine.execution.InterceptingExecutableInvoker.invoke(InterceptingExecutableInvoker.java:86)
	at org.junit.jupiter.engine.descriptor.TestMethodTestDescriptor.lambda$invokeTestMethod$8(TestMethodTestDescriptor.java:217)
	at org.junit.platform.engine.support.hierarchical.ThrowableCollector.execute(ThrowableCollector.java:73)
	at org.junit.jupiter.engine.descriptor.TestMethodTestDescriptor.invokeTestMethod(TestMethodTestDescriptor.java:213)
	at org.junit.jupiter.engine.descriptor.TestMethodTestDescriptor.execute(TestMethodTestDescriptor.java:138)
	at org.junit.jupiter.engine.descriptor.TestMethodTestDescriptor.execute(TestMethodTestDescriptor.java:68)
	at org.junit.platform.engine.support.hierarchical.NodeTestTask.lambda$executeRecursively$6(NodeTestTask.java:156)
	at org.junit.platform.engine.support.hierarchical.ThrowableCollector.execute(ThrowableCollector.java:73)
	at org.junit.platform.engine.support.hierarchical.NodeTestTask.lambda$executeRecursively$8(NodeTestTask.java:146)
	at org.junit.platform.engine.support.hierarchical.Node.around(Node.java:137)
	at org.junit.platform.engine.support.hierarchical.NodeTestTask.lambda$executeRecursively$9(NodeTestTask.java:144)
	at org.junit.platform.engine.support.hierarchical.ThrowableCollector.execute(ThrowableCollector.java:73)
	at org.junit.platform.engine.support.hierarchical.NodeTestTask.executeRecursively(NodeTestTask.java:143)
	at org.junit.platform.engine.support.hierarchical.NodeTestTask.execute(NodeTestTask.java:100)
	at java.base/java.util.ArrayList.forEach(ArrayList.java:1597)
	at org.junit.platform.engine.support.hierarchical.SameThreadHierarchicalTestExecutorService.invokeAll(SameThreadHierarchicalTestExecutorService.java:41)
	at org.junit.platform.engine.support.hierarchical.NodeTestTask.lambda$executeRecursively$6(NodeTestTask.java:160)
	at org.junit.platform.engine.support.hierarchical.ThrowableCollector.execute(ThrowableCollector.java:73)
	at org.junit.platform.engine.support.hierarchical.NodeTestTask.lambda$executeRecursively$8(NodeTestTask.java:146)
	at org.junit.platform.engine.support.hierarchical.Node.around(Node.java:137)
	at org.junit.platform.engine.support.hierarchical.NodeTestTask.lambda$executeRecursively$9(NodeTestTask.java:144)
	at org.junit.platform.engine.support.hierarchical.ThrowableCollector.execute(ThrowableCollector.java:73)
	at org.junit.platform.engine.support.hierarchical.NodeTestTask.executeRecursively(NodeTestTask.java:143)
	at org.junit.platform.engine.support.hierarchical.NodeTestTask.execute(NodeTestTask.java:100)
	at java.base/java.util.ArrayList.forEach(ArrayList.java:1597)
	at org.junit.platform.engine.support.hierarchical.SameThreadHierarchicalTestExecutorService.invokeAll(SameThreadHierarchicalTestExecutorService.java:41)
	at org.junit.platform.engine.support.hierarchical.NodeTestTask.lambda$executeRecursively$6(NodeTestTask.java:160)
	at org.junit.platform.engine.support.hierarchical.ThrowableCollector.execute(ThrowableCollector.java:73)
	at org.junit.platform.engine.support.hierarchical.NodeTestTask.lambda$executeRecursively$8(NodeTestTask.java:146)
	at org.junit.platform.engine.support.hierarchical.Node.around(Node.java:137)
	at org.junit.platform.engine.support.hierarchical.NodeTestTask.lambda$executeRecursively$9(NodeTestTask.java:144)
	at org.junit.platform.engine.support.hierarchical.ThrowableCollector.execute(ThrowableCollector.java:73)
	at org.junit.platform.engine.support.hierarchical.NodeTestTask.executeRecursively(NodeTestTask.java:143)
	at org.junit.platform.engine.support.hierarchical.NodeTestTask.execute(NodeTestTask.java:100)
	at org.junit.platform.engine.support.hierarchical.SameThreadHierarchicalTestExecutorService.submit(SameThreadHierarchicalTestExecutorService.java:35)
	at org.junit.platform.engine.support.hierarchical.HierarchicalTestExecutor.execute(HierarchicalTestExecutor.java:57)
	at org.junit.platform.engine.support.hierarchical.HierarchicalTestEngine.execute(HierarchicalTestEngine.java:54)
	at org.junit.platform.launcher.core.EngineExecutionOrchestrator.execute(EngineExecutionOrchestrator.java:198)
	at org.junit.platform.launcher.core.EngineExecutionOrchestrator.execute(EngineExecutionOrchestrator.java:169)
	at org.junit.platform.launcher.core.EngineExecutionOrchestrator.execute(EngineExecutionOrchestrator.java:93)
	at org.junit.platform.launcher.core.EngineExecutionOrchestrator.lambda$execute$0(EngineExecutionOrchestrator.java:58)
	at org.junit.platform.launcher.core.EngineExecutionOrchestrator.withInterceptedStreams(EngineExecutionOrchestrator.java:141)
	at org.junit.platform.launcher.core.EngineExecutionOrchestrator.execute(EngineExecutionOrchestrator.java:57)
	at org.junit.platform.launcher.core.DefaultLauncher.execute(DefaultLauncher.java:103)
	at org.junit.platform.launcher.core.DefaultLauncher.execute(DefaultLauncher.java:85)
	at org.junit.platform.launcher.core.DelegatingLauncher.execute(DelegatingLauncher.java:47)
	at org.apache.maven.surefire.junitplatform.LazyLauncher.execute(LazyLauncher.java:56)
	at org.apache.maven.surefire.junitplatform.JUnitPlatformProvider.execute(JUnitPlatformProvider.java:194)
	at org.apache.maven.surefire.junitplatform.JUnitPlatformProvider.invokeAllTests(JUnitPlatformProvider.java:150)
	at org.apache.maven.surefire.junitplatform.JUnitPlatformProvider.invoke(JUnitPlatformProvider.java:124)
	at org.apache.maven.surefire.booter.ForkedBooter.runSuitesInProcess(ForkedBooter.java:385)
	at org.apache.maven.surefire.booter.ForkedBooter.execute(ForkedBooter.java:162)
	at org.apache.maven.surefire.booter.ForkedBooter.run(ForkedBooter.java:507)
	at org.apache.maven.surefire.booter.ForkedBooter.main(ForkedBooter.java:495)
]]></system-err>
  </testcase>
  <testcase name="deveRetornarTrueQuandoTodosOsProdutosTiveremEstoqueDisponivel" classname="com.example.postech_tc4_pedido.usecases.BuscarEstoqueUseCaseTest" time="0.002"/>
  <testcase name="deveRetornarFalseQuandoAlgumProdutoNaoTiverEstoqueSuficiente" classname="com.example.postech_tc4_pedido.usecases.BuscarEstoqueUseCaseTest" time="0.001"/>
</testsuite>